2026-07-07 13:55:23,373 INFO START room=Room 2 month=June (2025-06)
2026-07-07 13:55:23,373 INFO preproc={"target_sr": 16000, "hpf_hz": 80, "denoise": true, "prop_decrease": 0.8, "stationary": true, "peak_target": 0.97, "window_s": 10, "model": "facebook/wav2vec2-base"}
2026-07-07 13:55:23,682 INFO device=cuda (NVIDIA GeForce RTX 5090)
2026-07-07 13:55:23,814 INFO HTTP Request: HEAD https://huggingface.co/facebook/wav2vec2-base/resolve/main/processor_config.json "HTTP/1.1 404 Not Found"
2026-07-07 13:55:23,814 WARNING Warning: You are sending unauthenticated requests to the HF Hub. Please set a HF_TOKEN to enable higher rate limits and faster downloads.
2026-07-07 13:55:23,870 INFO HTTP Request: HEAD https://huggingface.co/facebook/wav2vec2-base/resolve/main/preprocessor_config.json "HTTP/1.1 307 Temporary Redirect"
2026-07-07 13:55:23,906 INFO HTTP Request: HEAD https://huggingface.co/api/resolve-cache/models/facebook/wav2vec2-base/0b5b8e868dd84f03fd87d01f9c4ff0f080fecfe8/preprocessor_config.json "HTTP/1.1 200 OK"
2026-07-07 13:55:23,965 INFO HTTP Request: HEAD https://huggingface.co/facebook/wav2vec2-base/resolve/main/config.json "HTTP/1.1 307 Temporary Redirect"
2026-07-07 13:55:23,991 INFO HTTP Request: HEAD https://huggingface.co/api/resolve-cache/models/facebook/wav2vec2-base/0b5b8e868dd84f03fd87d01f9c4ff0f080fecfe8/config.json "HTTP/1.1 200 OK"
2026-07-07 13:55:24,052 INFO HTTP Request: HEAD https://huggingface.co/facebook/wav2vec2-base/resolve/main/model.safetensors "HTTP/1.1 404 Not Found"
2026-07-07 13:55:24,111 INFO HTTP Request: HEAD https://huggingface.co/facebook/wav2vec2-base/resolve/main/model.safetensors.index.json "HTTP/1.1 404 Not Found"
2026-07-07 13:55:24,175 INFO HTTP Request: HEAD https://huggingface.co/facebook/wav2vec2-base/resolve/main/pytorch_model.bin "HTTP/1.1 302 Found"
2026-07-07 13:55:24,233 INFO HTTP Request: HEAD https://huggingface.co/facebook/wav2vec2-base/resolve/main/model.safetensors "HTTP/1.1 404 Not Found"
2026-07-07 13:55:24,301 INFO HTTP Request: GET https://huggingface.co/api/models/facebook/wav2vec2-base "HTTP/1.1 200 OK"
2026-07-07 13:55:24,375 INFO HTTP Request: GET https://huggingface.co/api/models/facebook/wav2vec2-base/commits/main "HTTP/1.1 200 OK"
2026-07-07 13:55:24,436 INFO found 175 audio files under data/raw_room2/audio/June
2026-07-07 13:55:24,447 INFO HTTP Request: GET https://huggingface.co/api/models/facebook/wav2vec2-base/discussions?p=0 "HTTP/1.1 200 OK"
2026-07-07 13:55:24,519 INFO HTTP Request: GET https://huggingface.co/api/models/facebook/wav2vec2-base/commits/refs%2Fpr%2F11 "HTTP/1.1 200 OK"
2026-07-07 13:55:24,578 INFO HTTP Request: HEAD https://huggingface.co/facebook/wav2vec2-base/resolve/refs%2Fpr%2F11/model.safetensors.index.json "HTTP/1.1 404 Not Found"
2026-07-07 13:55:24,638 INFO HTTP Request: HEAD https://huggingface.co/facebook/wav2vec2-base/resolve/refs%2Fpr%2F11/model.safetensors "HTTP/1.1 302 Found"
2026-07-07 13:55:32,056 WARNING CLIPPED 0.013: S4A27290_20250613_111116.wav
2026-07-07 13:55:39,892 WARNING CLIPPED 0.014: S4A27290_20250613_111205.wav
2026-07-07 13:55:48,674 WARNING CLIPPED 0.017: S4A27290_20250613_121205.wav
2026-07-07 13:55:57,423 WARNING CLIPPED 0.010: S4A27290_20250613_131205.wav
2026-07-07 13:56:08,933 WARNING CLIPPED 0.007: S4A27290_20250615_100647.wav
2026-07-07 13:56:19,675 WARNING CLIPPED 0.007: S4A27290_20250615_120646.wav
2026-07-07 13:56:19,977 WARNING CLIPPED 0.010: S4A27290_20250616_123502.wav
2026-07-07 13:56:19,990 INFO [10/175] processed (ok=10)
2026-07-07 13:56:21,336 WARNING CLIPPED 0.015: S4A27290_20250616_123940.wav
2026-07-07 13:56:22,956 WARNING CLIPPED 0.010: S4A27290_20250618_143225.wav
2026-07-07 13:57:24,522 INFO [20/175] processed (ok=20)
2026-07-07 13:57:31,892 WARNING CLIPPED 0.006: S4A27290_20250621_100913.wav
2026-07-07 13:57:40,942 WARNING CLIPPED 0.006: S4A27290_20250621_110914.wav
2026-07-07 13:58:51,374 WARNING CLIPPED 0.009: S4A27290_20250623_120913.wav
2026-07-07 13:58:52,748 INFO [30/175] processed (ok=30)
2026-07-07 13:59:00,147 WARNING CLIPPED 0.006: S4A27290_20250623_130913.wav
2026-07-07 13:59:08,869 WARNING CLIPPED 0.016: S4A27290_20250623_140913.wav
2026-07-07 13:59:17,634 WARNING CLIPPED 0.010: S4A27290_20250623_150913.wav
2026-07-07 13:59:26,373 WARNING CLIPPED 0.009: S4A27290_20250623_160913.wav
2026-07-07 14:00:01,235 INFO START room=Room 2 month=June (2025-06)
2026-07-07 14:00:01,236 INFO preproc={"target_sr": 16000, "hpf_hz": 80, "denoise": true, "prop_decrease": 0.8, "stationary": true, "peak_target": 0.97, "window_s": 10, "model": "facebook/wav2vec2-base"}
2026-07-07 14:00:01,532 INFO device=cuda (NVIDIA GeForce RTX 5090)
2026-07-07 14:00:01,677 INFO HTTP Request: HEAD https://huggingface.co/facebook/wav2vec2-base/resolve/main/processor_config.json "HTTP/1.1 404 Not Found"
2026-07-07 14:00:01,742 INFO HTTP Request: HEAD https://huggingface.co/facebook/wav2vec2-base/resolve/main/preprocessor_config.json "HTTP/1.1 307 Temporary Redirect"
2026-07-07 14:00:01,742 WARNING Warning: You are sending unauthenticated requests to the HF Hub. Please set a HF_TOKEN to enable higher rate limits and faster downloads.
2026-07-07 14:00:01,771 INFO HTTP Request: HEAD https://huggingface.co/api/resolve-cache/models/facebook/wav2vec2-base/0b5b8e868dd84f03fd87d01f9c4ff0f080fecfe8/preprocessor_config.json "HTTP/1.1 200 OK"
2026-07-07 14:00:01,830 INFO HTTP Request: HEAD https://huggingface.co/facebook/wav2vec2-base/resolve/main/config.json "HTTP/1.1 307 Temporary Redirect"
2026-07-07 14:00:01,859 INFO HTTP Request: HEAD https://huggingface.co/api/resolve-cache/models/facebook/wav2vec2-base/0b5b8e868dd84f03fd87d01f9c4ff0f080fecfe8/config.json "HTTP/1.1 200 OK"
2026-07-07 14:00:01,923 INFO HTTP Request: HEAD https://huggingface.co/facebook/wav2vec2-base/resolve/main/model.safetensors "HTTP/1.1 404 Not Found"
2026-07-07 14:00:01,988 INFO HTTP Request: HEAD https://huggingface.co/facebook/wav2vec2-base/resolve/main/model.safetensors.index.json "HTTP/1.1 404 Not Found"
2026-07-07 14:00:02,073 INFO HTTP Request: HEAD https://huggingface.co/facebook/wav2vec2-base/resolve/main/pytorch_model.bin "HTTP/1.1 302 Found"
2026-07-07 14:00:02,140 INFO HTTP Request: HEAD https://huggingface.co/facebook/wav2vec2-base/resolve/main/model.safetensors "HTTP/1.1 404 Not Found"
2026-07-07 14:00:02,201 INFO HTTP Request: GET https://huggingface.co/api/models/facebook/wav2vec2-base "HTTP/1.1 200 OK"
2026-07-07 14:00:02,282 INFO HTTP Request: GET https://huggingface.co/api/models/facebook/wav2vec2-base/commits/main "HTTP/1.1 200 OK"
2026-07-07 14:00:02,346 INFO found 175 audio files under data/raw_room2/audio/June
2026-07-07 14:00:02,360 INFO HTTP Request: GET https://huggingface.co/api/models/facebook/wav2vec2-base/discussions?p=0 "HTTP/1.1 200 OK"
2026-07-07 14:00:02,436 INFO HTTP Request: GET https://huggingface.co/api/models/facebook/wav2vec2-base/commits/refs%2Fpr%2F11 "HTTP/1.1 200 OK"
2026-07-07 14:00:02,494 INFO HTTP Request: HEAD https://huggingface.co/facebook/wav2vec2-base/resolve/refs%2Fpr%2F11/model.safetensors.index.json "HTTP/1.1 404 Not Found"
2026-07-07 14:00:02,667 INFO HTTP Request: HEAD https://huggingface.co/facebook/wav2vec2-base/resolve/refs%2Fpr%2F11/model.safetensors "HTTP/1.1 302 Found"
2026-07-07 14:00:03,000 WARNING CLIPPED 0.013: S4A27290_20250613_111116.wav
2026-07-07 14:00:11,160 WARNING CLIPPED 0.014: S4A27290_20250613_111205.wav
2026-07-07 14:00:19,844 WARNING CLIPPED 0.017: S4A27290_20250613_121205.wav
2026-07-07 14:00:28,594 WARNING CLIPPED 0.010: S4A27290_20250613_131205.wav
2026-07-07 14:00:39,382 WARNING CLIPPED 0.007: S4A27290_20250615_100647.wav
2026-07-07 14:00:50,106 WARNING CLIPPED 0.007: S4A27290_20250615_120646.wav
2026-07-07 14:00:50,407 WARNING CLIPPED 0.010: S4A27290_20250616_123502.wav
2026-07-07 14:00:50,420 INFO [10/175] processed (ok=10)
2026-07-07 14:00:51,768 WARNING CLIPPED 0.015: S4A27290_20250616_123940.wav
2026-07-07 14:00:53,381 WARNING CLIPPED 0.010: S4A27290_20250618_143225.wav
2026-07-07 14:01:54,742 INFO [20/175] processed (ok=20)
2026-07-07 14:02:02,132 WARNING CLIPPED 0.006: S4A27290_20250621_100913.wav
2026-07-07 14:02:10,870 WARNING CLIPPED 0.006: S4A27290_20250621_110914.wav
2026-07-07 14:03:20,995 WARNING CLIPPED 0.009: S4A27290_20250623_120913.wav
2026-07-07 14:03:22,372 INFO [30/175] processed (ok=30)
2026-07-07 14:03:29,803 WARNING CLIPPED 0.006: S4A27290_20250623_130913.wav
2026-07-07 14:03:38,583 WARNING CLIPPED 0.016: S4A27290_20250623_140913.wav
2026-07-07 14:03:47,411 WARNING CLIPPED 0.010: S4A27290_20250623_150913.wav
2026-07-07 14:03:56,221 WARNING CLIPPED 0.009: S4A27290_20250623_160913.wav
2026-07-07 14:04:48,251 INFO [40/175] processed (ok=40)
2026-07-07 14:05:01,594 WARNING CLIPPED 0.014: S4A27290_20250630_130110.wav
2026-07-07 14:05:08,965 WARNING CLIPPED 0.014: S4A27290_20250630_130127.wav
2026-07-07 14:05:17,713 WARNING CLIPPED 0.015: S4A27290_20250630_140127.wav
2026-07-07 14:05:26,435 WARNING CLIPPED 0.015: S4A27290_20250630_150127.wav
2026-07-07 14:05:35,216 WARNING CLIPPED 0.011: S4A27290_20250630_160127.wav
2026-07-07 14:05:43,914 WARNING CLIPPED 0.010: S4A27290_20250630_170127.wav
2026-07-07 14:05:52,698 WARNING CLIPPED 0.014: S4A27290_20250630_180129.wav
2026-07-07 14:06:01,433 WARNING CLIPPED 0.014: S4A27290_20250630_190127.wav
2026-07-07 14:06:02,811 INFO [50/175] processed (ok=50)
2026-07-07 14:06:10,208 WARNING CLIPPED 0.012: S4A27290_20250630_200127.wav
2026-07-07 14:06:18,923 WARNING CLIPPED 0.005: S4A27290_20250630_210127.wav
2026-07-07 14:06:36,411 WARNING CLIPPED 0.008: S4A27290_20250630_230127.wav
2026-07-07 14:06:45,190 WARNING CLIPPED 0.014: S4A27290_20250606_093002.wav
2026-07-07 14:06:53,970 WARNING CLIPPED 0.014: S4A27290_20250606_103001.wav
2026-07-07 14:07:02,721 WARNING CLIPPED 0.007: S4A27290_20250606_113001.wav
2026-07-07 14:07:30,763 INFO [60/175] processed (ok=60)
2026-07-07 14:08:59,072 INFO [70/175] processed (ok=70)
2026-07-07 14:09:06,586 WARNING CLIPPED 0.006: S4A27290_20250607_013001.wav
2026-07-07 14:09:15,828 WARNING CLIPPED 0.016: S4A27290_20250607_023003.wav
2026-07-07 14:09:24,584 WARNING CLIPPED 0.006: S4A27290_20250607_033001.wav
2026-07-07 14:09:42,203 WARNING CLIPPED 0.005: S4A27290_20250607_053001.wav
2026-07-07 14:09:50,991 WARNING CLIPPED 0.011: S4A27290_20250607_063001.wav
2026-07-07 14:09:59,803 WARNING CLIPPED 0.014: S4A27290_20250607_073001.wav
2026-07-07 14:10:08,570 WARNING CLIPPED 0.012: S4A27290_20250607_083002.wav
2026-07-07 14:10:17,374 WARNING CLIPPED 0.018: S4A27290_20250607_093001.wav
2026-07-07 14:10:26,128 WARNING CLIPPED 0.015: S4A27290_20250607_103001.wav
2026-07-07 14:10:27,503 INFO [80/175] processed (ok=80)
2026-07-07 14:10:52,474 WARNING CLIPPED 0.009: S4A27290_20250607_133001.wav
2026-07-07 14:11:55,253 INFO [90/175] processed (ok=90)
2026-07-07 14:12:02,668 WARNING CLIPPED 0.009: S4A27290_20250607_213001.wav
2026-07-07 14:12:11,460 WARNING CLIPPED 0.007: S4A27290_20250607_223001.wav
2026-07-07 14:12:20,231 WARNING CLIPPED 0.005: S4A27290_20250607_233001.wav
2026-07-07 14:12:37,811 WARNING CLIPPED 0.008: S4A27290_20250608_023003.wav
2026-07-07 14:12:46,599 WARNING CLIPPED 0.012: S4A27290_20250608_033001.wav
2026-07-07 14:12:55,334 WARNING CLIPPED 0.013: S4A27290_20250608_043001.wav
2026-07-07 14:13:04,121 WARNING CLIPPED 0.008: S4A27290_20250608_053001.wav
2026-07-07 14:13:12,874 WARNING CLIPPED 0.007: S4A27290_20250608_063001.wav
2026-07-07 14:13:21,660 WARNING CLIPPED 0.019: S4A27290_20250608_083002.wav
2026-07-07 14:13:23,049 INFO [100/175] processed (ok=100)
2026-07-07 14:14:41,590 WARNING CLIPPED 0.006: S4A27290_20250608_203002.wav
2026-07-07 14:14:50,618 WARNING CLIPPED 0.007: S4A27290_20250608_213001.wav
2026-07-07 14:14:51,994 INFO [110/175] processed (ok=110)
2026-07-07 14:14:59,445 WARNING CLIPPED 0.016: S4A27290_20250608_223001.wav
2026-07-07 14:15:08,255 WARNING CLIPPED 0.014: S4A27290_20250608_233001.wav
2026-07-07 14:15:17,051 WARNING CLIPPED 0.010: S4A27290_20250609_003001.wav
2026-07-07 14:15:25,828 WARNING CLIPPED 0.014: S4A27290_20250609_013001.wav
2026-07-07 14:15:34,641 WARNING CLIPPED 0.013: S4A27290_20250609_023003.wav
2026-07-07 14:15:43,425 WARNING CLIPPED 0.015: S4A27290_20250609_033001.wav
2026-07-07 14:15:52,229 WARNING CLIPPED 0.008: S4A27290_20250609_043001.wav
2026-07-07 14:16:01,014 WARNING CLIPPED 0.007: S4A27290_20250609_053001.wav
2026-07-07 14:16:18,642 WARNING CLIPPED 0.009: S4A27290_20250609_073001.wav
2026-07-07 14:16:20,017 INFO [120/175] processed (ok=120)
2026-07-07 14:16:27,396 WARNING CLIPPED 0.011: S4A27290_20250609_083002.wav
2026-07-07 14:16:36,157 WARNING CLIPPED 0.010: S4A27290_20250609_093001.wav
2026-07-07 14:17:47,930 INFO [130/175] processed (ok=130)
2026-07-07 14:18:21,628 WARNING CLIPPED 0.009: S4A27290_20250609_213001.wav
2026-07-07 14:18:39,167 WARNING CLIPPED 0.016: S4A27290_20250609_233001.wav
2026-07-07 14:18:47,970 WARNING CLIPPED 0.016: S4A27290_20250610_003001.wav
2026-07-07 14:18:56,745 WARNING CLIPPED 0.014: S4A27290_20250610_013001.wav
2026-07-07 14:19:15,811 INFO [140/175] processed (ok=140)
2026-07-07 14:19:23,215 WARNING CLIPPED 0.005: S4A27290_20250610_043001.wav
2026-07-07 14:19:31,969 WARNING CLIPPED 0.010: S4A27290_20250610_053001.wav
2026-07-07 14:19:40,738 WARNING CLIPPED 0.014: S4A27290_20250610_063001.wav
2026-07-07 14:19:49,497 WARNING CLIPPED 0.010: S4A27290_20250610_073001.wav
2026-07-07 14:19:58,282 WARNING CLIPPED 0.007: S4A27290_20250610_083002.wav
2026-07-07 14:20:07,088 WARNING CLIPPED 0.007: S4A27290_20250610_093001.wav
2026-07-07 14:20:15,882 WARNING CLIPPED 0.008: S4A27290_20250610_103001.wav
2026-07-07 14:20:43,659 INFO [150/175] processed (ok=150)
2026-07-07 14:21:34,914 WARNING CLIPPED 0.007: S4A27290_20250610_193001.wav
2026-07-07 14:21:43,647 WARNING CLIPPED 0.008: S4A27290_20250610_203002.wav
2026-07-07 14:21:52,441 WARNING CLIPPED 0.009: S4A27290_20250610_213001.wav
2026-07-07 14:22:01,200 WARNING CLIPPED 0.014: S4A27290_20250610_223001.wav
2026-07-07 14:22:09,985 WARNING CLIPPED 0.020: S4A27290_20250610_233001.wav
2026-07-07 14:22:11,361 INFO [160/175] processed (ok=160)
2026-07-07 14:22:18,746 WARNING CLIPPED 0.020: S4A27290_20250611_003001.wav
2026-07-07 14:22:27,539 WARNING CLIPPED 0.009: S4A27290_20250611_013001.wav
2026-07-07 14:23:20,237 WARNING CLIPPED 0.007: S4A27290_20250611_073001.wav
2026-07-07 14:23:29,076 WARNING CLIPPED 0.019: S4A27290_20250611_083003.wav
2026-07-07 14:23:37,875 WARNING CLIPPED 0.018: S4A27290_20250611_093001.wav
2026-07-07 14:23:39,252 INFO [170/175] processed (ok=170)
2026-07-07 14:23:46,698 WARNING CLIPPED 0.018: S4A27290_20250611_103001.wav
2026-07-07 14:23:55,463 WARNING CLIPPED 0.011: S4A27290_20250611_113001.wav
2026-07-07 14:24:04,245 WARNING CLIPPED 0.009: S4A27290_20250611_123001.wav
2026-07-07 14:24:13,012 WARNING CLIPPED 0.007: S4A27290_20250611_133001.wav
2026-07-07 14:24:19,337 INFO [175/175] processed (ok=175)
2026-07-07 14:24:19,473 INFO WROTE data/features_room2/audio/room2_June_daily.parquet  days=15  files_ok=175/175
2026-07-07 14:24:19,473 INFO WROTE data/features_room2/audio/room2_June_daily_quality.csv  (per-file quality -> inventory 'missing data' column)
2026-07-07 14:24:19,473 INFO DONE
