[scan] probing metadata for 22 folder(s) (ffprobe)...
  [scan 1/22] Room 6 (10, 11, 12, 13 Aug): 90/90 usable (total 90)
  [scan 2/22] Room 6 (13, 14, 15 Aug): 40/40 usable (total 130)
  [scan 3/22] Room 6 (16, 17 Aug): 40/40 usable (total 170)
  [scan 4/22] Room 6 (17, 18, 19 Aug): 54/54 usable (total 224)
  [scan 5/22] Room 6 (19, 20, 21 Aug): 50/50 usable (total 274)
  [scan 6/22] Room 6 (23, 24, 25 Aug): 69/69 usable (total 343)
  [scan 7/22] Room 6 (25, 26, 27 Aug): 56/56 usable (total 399)
  [scan 8/22] Room 6 (27 - 31 July): 115/115 usable (total 514)
  [scan 9/22] Room 6 (27, 28, 29 Aug): 55/55 usable (total 569)
  [scan 10/22] Room 6 (29, 30 Aug): 40/40 usable (total 609)
  [scan 11/22] Room 6 (3, 4, 5 Aug): 59/59 usable (total 668)
  [scan 12/22] Room 6 (31 Aug, 1 Sep): 46/46 usable (total 714)
  [scan 13/22] Room 6 (31 July - 3 Aug): 85/85 usable (total 799)
  [scan 14/22] Room 6 (5, 6, 7 July): 57/57 usable (total 856)
  [scan 15/22] Room 6 (7, 8, 9, 10 Aug): 84/84 usable (total 940)
  [scan 16/22] Room 6 - 10, 11, 12, 13 July: 98/98 usable (total 1038)
  [scan 17/22] Room 6 - 14, 15, 16 July: 49/49 usable (total 1087)
  [scan 18/22] Room 6 - 17, 18, 19 July: 85/86 usable (total 1172)
  [scan 19/22] Room 6 - 20, 21, 22 July: 82/82 usable (total 1254)
  [scan 20/22] Room 6 - 23, 24, 25 July: 70/71 usable (total 1324)
  [scan 21/22] Room 6 - 26, 27 July: 42/42 usable (total 1366)
  [scan 22/22] Room 6 - 3, 4, 5, 6 July: 85/85 usable (total 1451)
[plan] 1451 usable videos
  [1/1451] videos  (0.4/min, ETA ~3392 min, records 1503)
  [2/1451] videos  (0.8/min, ETA ~1711 min, records 3006)
  [3/1451] videos  (1.3/min, ETA ~1146 min, records 4509)
  [4/1451] videos  (1.7/min, ETA ~860 min, records 6012)
  [5/1451] videos  (1.3/min, ETA ~1073 min, records 7516)
  [6/1451] videos  (1.5/min, ETA ~945 min, records 9020)
  [7/1451] videos  (1.7/min, ETA ~853 min, records 10523)
  [8/1451] videos  (1.6/min, ETA ~890 min, records 12027)
  [9/1451] videos  (1.7/min, ETA ~828 min, records 13530)
  [10/1451] videos  (1.9/min, ETA ~773 min, records 15034)
  [11/1451] videos  (2.0/min, ETA ~715 min, records 16538)
  [12/1451] videos  (1.9/min, ETA ~771 min, records 18042)
  [13/1451] videos  (2.0/min, ETA ~735 min, records 19546)
  [14/1451] videos  (2.1/min, ETA ~683 min, records 21050)
  [15/1451] videos  (2.1/min, ETA ~672 min, records 22554)
  [16/1451] videos  (2.1/min, ETA ~691 min, records 24058)
  [17/1451] videos  (2.1/min, ETA ~668 min, records 25562)
  [18/1451] videos  (2.1/min, ETA ~675 min, records 27066)
  [19/1451] videos  (2.2/min, ETA ~658 min, records 28570)
  [20/1451] videos  (2.2/min, ETA ~643 min, records 30074)
  [21/1451] videos  (2.3/min, ETA ~623 min, records 31578)
  [22/1451] videos  (2.2/min, ETA ~658 min, records 33082)
  [23/1451] videos  (2.1/min, ETA ~687 min, records 34585)
  [24/1451] videos  (2.1/min, ETA ~674 min, records 36088)
  [25/1451] videos  (2.2/min, ETA ~655 min, records 37591)
  [26/1451] videos  (2.1/min, ETA ~684 min, records 39094)
  [27/1451] videos  (2.0/min, ETA ~705 min, records 40597)
  [28/1451] videos  (2.1/min, ETA ~692 min, records 42100)
  [29/1451] videos  (2.1/min, ETA ~674 min, records 43603)
  [30/1451] videos  (2.0/min, ETA ~702 min, records 45106)
  [31/1451] videos  (2.0/min, ETA ~719 min, records 46609)
  [32/1451] videos  (2.0/min, ETA ~706 min, records 48112)
  [33/1451] videos  (2.0/min, ETA ~693 min, records 49615)
  [34/1451] videos  (2.0/min, ETA ~713 min, records 51118)
  [35/1451] videos  (2.0/min, ETA ~695 min, records 52622)
  [36/1451] videos  (2.1/min, ETA ~684 min, records 54126)
  [37/1451] videos  (2.1/min, ETA ~667 min, records 55629)
  [38/1451] videos  (2.1/min, ETA ~687 min, records 57133)
  [39/1451] videos  (2.1/min, ETA ~672 min, records 58637)
  [40/1451] videos  (2.1/min, ETA ~663 min, records 60141)
  [41/1451] videos  (2.2/min, ETA ~648 min, records 61645)
  [42/1451] videos  (2.1/min, ETA ~667 min, records 63149)
  [43/1451] videos  (2.2/min, ETA ~655 min, records 64653)
  [44/1451] videos  (2.2/min, ETA ~646 min, records 66157)
  [45/1451] videos  (2.2/min, ETA ~633 min, records 67661)
  [46/1451] videos  (2.2/min, ETA ~651 min, records 69165)
  [47/1451] videos  (2.2/min, ETA ~639 min, records 70669)
  [48/1451] videos  (2.2/min, ETA ~632 min, records 72173)
  [49/1451] videos  (2.3/min, ETA ~620 min, records 73677)
  [50/1451] videos  (2.2/min, ETA ~631 min, records 75181)
  [51/1451] videos  (2.2/min, ETA ~625 min, records 76684)
  [52/1451] videos  (2.2/min, ETA ~647 min, records 78187)
  [53/1451] videos  (2.2/min, ETA ~637 min, records 79690)
  [54/1451] videos  (2.2/min, ETA ~643 min, records 81193)
  [55/1451] videos  (2.2/min, ETA ~636 min, records 82696)
  [56/1451] videos  (2.1/min, ETA ~657 min, records 84199)
  [57/1451] videos  (2.2/min, ETA ~648 min, records 85702)
  [58/1451] videos  (2.1/min, ETA ~652 min, records 87205)
  [59/1451] videos  (2.2/min, ETA ~646 min, records 88708)
  [60/1451] videos  (2.1/min, ETA ~665 min, records 90211)
  [61/1451] videos  (2.1/min, ETA ~657 min, records 91714)
  [62/1451] videos  (2.1/min, ETA ~664 min, records 93217)
  [63/1451] videos  (2.1/min, ETA ~654 min, records 94720)
  [64/1451] videos  (2.1/min, ETA ~648 min, records 96224)
  [65/1451] videos  (2.2/min, ETA ~641 min, records 97728)
  [66/1451] videos  (2.1/min, ETA ~651 min, records 99232)
  [67/1451] videos  (2.2/min, ETA ~642 min, records 100736)
  [68/1451] videos  (2.2/min, ETA ~636 min, records 102240)
  [69/1451] videos  (2.2/min, ETA ~630 min, records 103744)
  [70/1451] videos  (2.2/min, ETA ~639 min, records 105248)
  [71/1451] videos  (2.2/min, ETA ~631 min, records 106752)
  [72/1451] videos  (2.2/min, ETA ~626 min, records 108256)
  [73/1451] videos  (2.2/min, ETA ~620 min, records 109760)
  [74/1451] videos  (2.2/min, ETA ~629 min, records 111264)
  [75/1451] videos  (2.2/min, ETA ~622 min, records 112768)
  [76/1451] videos  (2.2/min, ETA ~617 min, records 114272)
  [77/1451] videos  (2.2/min, ETA ~611 min, records 115776)
  [78/1451] videos  (2.2/min, ETA ~618 min, records 117280)
  [79/1451] videos  (2.2/min, ETA ~610 min, records 118784)
  [80/1451] videos  (2.2/min, ETA ~615 min, records 120287)
  [81/1451] videos  (2.2/min, ETA ~623 min, records 121790)
  [82/1451] videos  (2.2/min, ETA ~625 min, records 123293)
  [83/1451] videos  (2.2/min, ETA ~619 min, records 124796)
  [84/1451] videos  (2.2/min, ETA ~622 min, records 126299)
  [85/1451] videos  (2.2/min, ETA ~628 min, records 127802)
  [86/1451] videos  (2.2/min, ETA ~631 min, records 129305)
  [87/1451] videos  (2.2/min, ETA ~624 min, records 130808)
  [88/1451] videos  (2.2/min, ETA ~621 min, records 131073)
  [89/1451] videos  (2.2/min, ETA ~619 min, records 132576)
  [90/1451] videos  (2.2/min, ETA ~624 min, records 134079)
  [91/1451] videos  (2.1/min, ETA ~634 min, records 135583)
  [92/1451] videos  (2.2/min, ETA ~627 min, records 137087)
  [93/1451] videos  (2.2/min, ETA ~620 min, records 138591)
  [94/1451] videos  (2.2/min, ETA ~630 min, records 140095)
  [95/1451] videos  (2.2/min, ETA ~624 min, records 141599)
  [96/1451] videos  (2.2/min, ETA ~617 min, records 143103)
  [97/1451] videos  (2.2/min, ETA ~616 min, records 144606)
  [98/1451] videos  (2.2/min, ETA ~621 min, records 146110)
  [99/1451] videos  (2.2/min, ETA ~614 min, records 147614)
  [100/1451] videos  (2.2/min, ETA ~608 min, records 149118)
  [101/1451] videos  (2.2/min, ETA ~608 min, records 150622)
  [102/1451] videos  (2.2/min, ETA ~613 min, records 152126)
  [103/1451] videos  (2.2/min, ETA ~607 min, records 153630)
  [104/1451] videos  (2.2/min, ETA ~601 min, records 155134)
  [105/1451] videos  (2.2/min, ETA ~601 min, records 156638)
  [106/1451] videos  (2.2/min, ETA ~604 min, records 158142)
  [107/1451] videos  (2.2/min, ETA ~598 min, records 159646)
  [108/1451] videos  (2.2/min, ETA ~597 min, records 161149)
  [109/1451] videos  (2.2/min, ETA ~607 min, records 162652)
  [110/1451] videos  (2.2/min, ETA ~608 min, records 164155)
  [111/1451] videos  (2.2/min, ETA ~603 min, records 165658)
  [112/1451] videos  (2.2/min, ETA ~602 min, records 167161)
  [113/1451] videos  (2.2/min, ETA ~611 min, records 168664)
  [114/1451] videos  (2.2/min, ETA ~612 min, records 170167)
  [115/1451] videos  (2.2/min, ETA ~607 min, records 171670)
  [116/1451] videos  (2.2/min, ETA ~605 min, records 173173)
  [117/1451] videos  (2.2/min, ETA ~615 min, records 174676)
  [118/1451] videos  (2.2/min, ETA ~616 min, records 176179)
  [119/1451] videos  (2.2/min, ETA ~611 min, records 177682)
  [120/1451] videos  (2.2/min, ETA ~606 min, records 179185)
  [121/1451] videos  (2.2/min, ETA ~606 min, records 180689)
  [122/1451] videos  (2.2/min, ETA ~609 min, records 182193)
  [123/1451] videos  (2.2/min, ETA ~604 min, records 183697)
  [124/1451] videos  (2.2/min, ETA ~600 min, records 185201)
  [125/1451] videos  (2.2/min, ETA ~599 min, records 186705)
  [126/1451] videos  (2.2/min, ETA ~603 min, records 188209)
  [127/1451] videos  (2.2/min, ETA ~598 min, records 189713)
  [128/1451] videos  (2.2/min, ETA ~593 min, records 191217)
  [129/1451] videos  (2.2/min, ETA ~589 min, records 191430)
  [130/1451] videos  (2.3/min, ETA ~586 min, records 192934)
  [131/1451] videos  (2.2/min, ETA ~591 min, records 194438)
  [132/1451] videos  (2.2/min, ETA ~597 min, records 195941)
  [133/1451] videos  (2.2/min, ETA ~595 min, records 197444)
  [134/1451] videos  (2.2/min, ETA ~590 min, records 198947)
  [135/1451] videos  (2.2/min, ETA ~594 min, records 200450)
  [136/1451] videos  (2.2/min, ETA ~599 min, records 201953)
  [137/1451] videos  (2.2/min, ETA ~598 min, records 203456)
  [138/1451] videos  (2.2/min, ETA ~593 min, records 204959)
  [139/1451] videos  (2.2/min, ETA ~597 min, records 206462)
  [140/1451] videos  (2.2/min, ETA ~602 min, records 207965)
  [141/1451] videos  (2.2/min, ETA ~601 min, records 209468)
  [142/1451] videos  (2.2/min, ETA ~596 min, records 210971)
  [143/1451] videos  (2.2/min, ETA ~602 min, records 212474)
  [144/1451] videos  (2.2/min, ETA ~598 min, records 213977)
  [145/1451] videos  (2.2/min, ETA ~593 min, records 215481)
  [146/1451] videos  (2.2/min, ETA ~589 min, records 216985)
  [147/1451] videos  (2.2/min, ETA ~596 min, records 218489)
  [148/1451] videos  (2.2/min, ETA ~592 min, records 219993)
  [149/1451] videos  (2.2/min, ETA ~588 min, records 221497)
  [150/1451] videos  (2.2/min, ETA ~584 min, records 223001)
  [151/1451] videos  (2.2/min, ETA ~590 min, records 224505)
  [152/1451] videos  (2.2/min, ETA ~586 min, records 226009)
  [153/1451] videos  (2.2/min, ETA ~582 min, records 227513)
  [154/1451] videos  (2.2/min, ETA ~578 min, records 229017)
  [155/1451] videos  (2.2/min, ETA ~585 min, records 230521)
  [156/1451] videos  (2.2/min, ETA ~581 min, records 232025)
  [157/1451] videos  (2.2/min, ETA ~577 min, records 233529)
  [158/1451] videos  (2.3/min, ETA ~573 min, records 235033)
  [159/1451] videos  (2.2/min, ETA ~577 min, records 236537)
  [160/1451] videos  (2.2/min, ETA ~574 min, records 238040)
  [161/1451] videos  (2.2/min, ETA ~581 min, records 239543)
  [162/1451] videos  (2.2/min, ETA ~577 min, records 241046)
  [163/1451] videos  (2.2/min, ETA ~579 min, records 242549)
  [164/1451] videos  (2.2/min, ETA ~576 min, records 244052)
  [165/1451] videos  (2.2/min, ETA ~583 min, records 245555)
  [166/1451] videos  (2.2/min, ETA ~579 min, records 247058)
  [167/1451] videos  (2.2/min, ETA ~575 min, records 247089)
  [168/1451] videos  (2.2/min, ETA ~577 min, records 248592)
  [169/1451] videos  (2.2/min, ETA ~574 min, records 250095)
  [170/1451] videos  (2.2/min, ETA ~579 min, records 251598)
  [171/1451] videos  (2.2/min, ETA ~583 min, records 253102)
  [172/1451] videos  (2.2/min, ETA ~579 min, records 254606)
  [173/1451] videos  (2.2/min, ETA ~583 min, records 256110)
  [174/1451] videos  (2.2/min, ETA ~580 min, records 257614)
  [175/1451] videos  (2.2/min, ETA ~579 min, records 259117)
  [176/1451] videos  (2.2/min, ETA ~576 min, records 260620)
  [177/1451] videos  (2.2/min, ETA ~577 min, records 262124)
  [178/1451] videos  (2.2/min, ETA ~574 min, records 263628)
  [179/1451] videos  (2.2/min, ETA ~574 min, records 265132)
  [180/1451] videos  (2.2/min, ETA ~571 min, records 266636)
  [181/1451] videos  (2.2/min, ETA ~572 min, records 268140)
  [182/1451] videos  (2.2/min, ETA ~569 min, records 269644)
  [183/1451] videos  (2.2/min, ETA ~569 min, records 271148)
  [184/1451] videos  (2.2/min, ETA ~567 min, records 272652)
  [185/1451] videos  (2.2/min, ETA ~567 min, records 274156)
  [186/1451] videos  (2.2/min, ETA ~564 min, records 275660)
  [187/1451] videos  (2.2/min, ETA ~564 min, records 277164)
  [188/1451] videos  (2.2/min, ETA ~561 min, records 278668)
  [189/1451] videos  (2.2/min, ETA ~564 min, records 280171)
  [190/1451] videos  (2.2/min, ETA ~567 min, records 281674)
  [191/1451] videos  (2.2/min, ETA ~566 min, records 283177)
  [192/1451] videos  (2.2/min, ETA ~563 min, records 284680)
  [193/1451] videos  (2.2/min, ETA ~566 min, records 286183)
  [194/1451] videos  (2.2/min, ETA ~568 min, records 287686)
  [195/1451] videos  (2.2/min, ETA ~568 min, records 289189)
  [196/1451] videos  (2.2/min, ETA ~565 min, records 290692)
  [197/1451] videos  (2.2/min, ETA ~567 min, records 292195)
  [198/1451] videos  (2.2/min, ETA ~570 min, records 293698)
  [199/1451] videos  (2.2/min, ETA ~570 min, records 295201)
  [200/1451] videos  (2.2/min, ETA ~566 min, records 296704)
  [201/1451] videos  (2.2/min, ETA ~567 min, records 298207)
  [202/1451] videos  (2.2/min, ETA ~564 min, records 299711)
  [203/1451] videos  (2.2/min, ETA ~565 min, records 301215)
  [204/1451] videos  (2.2/min, ETA ~562 min, records 302719)
  [205/1451] videos  (2.2/min, ETA ~562 min, records 304223)
  [206/1451] videos  (2.2/min, ETA ~560 min, records 305727)
  [207/1451] videos  (2.2/min, ETA ~561 min, records 307231)
  [208/1451] videos  (2.2/min, ETA ~558 min, records 308735)
  [209/1451] videos  (2.2/min, ETA ~558 min, records 310239)
  [210/1451] videos  (2.2/min, ETA ~555 min, records 311743)
  [211/1451] videos  (2.2/min, ETA ~556 min, records 313247)
  [212/1451] videos  (2.2/min, ETA ~553 min, records 314751)
  [213/1451] videos  (2.2/min, ETA ~554 min, records 316255)
  [214/1451] videos  (2.2/min, ETA ~551 min, records 317759)
  [215/1451] videos  (2.2/min, ETA ~552 min, records 319263)
  [216/1451] videos  (2.2/min, ETA ~549 min, records 320767)
  [217/1451] videos  (2.3/min, ETA ~548 min, records 322271)
  [218/1451] videos  (2.2/min, ETA ~551 min, records 323774)
  [219/1451] videos  (2.2/min, ETA ~554 min, records 325277)
  [220/1451] videos  (2.2/min, ETA ~551 min, records 326780)
  [221/1451] videos  (2.2/min, ETA ~548 min, records 326815)
  [222/1451] videos  (2.2/min, ETA ~547 min, records 328318)
  [223/1451] videos  (2.2/min, ETA ~549 min, records 329821)
  [224/1451] videos  (2.2/min, ETA ~551 min, records 331324)
  [225/1451] videos  (2.2/min, ETA ~567 min, records 332123)
  [226/1451] videos  (2.2/min, ETA ~565 min, records 332954)
  [227/1451] videos  (2.2/min, ETA ~562 min, records 333785)
  [228/1451] videos  (2.2/min, ETA ~560 min, records 334680)
  [229/1451] videos  (2.1/min, ETA ~574 min, records 335447)
  [230/1451] videos  (2.1/min, ETA ~571 min, records 336182)
  [231/1451] videos  (2.1/min, ETA ~569 min, records 336949)
  [232/1451] videos  (2.2/min, ETA ~567 min, records 337684)
  [233/1451] videos  (2.1/min, ETA ~584 min, records 338451)
  [234/1451] videos  (2.1/min, ETA ~585 min, records 339955)
  [235/1451] videos  (2.1/min, ETA ~582 min, records 341458)
  [236/1451] videos  (2.1/min, ETA ~580 min, records 342962)
  [237/1451] videos  (2.0/min, ETA ~594 min, records 343697)
  [238/1451] videos  (2.1/min, ETA ~591 min, records 344432)
  [239/1451] videos  (2.1/min, ETA ~588 min, records 345167)
  [240/1451] videos  (2.1/min, ETA ~587 min, records 346670)
  [241/1451] videos  (2.0/min, ETA ~599 min, records 347437)
  [242/1451] videos  (2.0/min, ETA ~596 min, records 348204)
  [243/1451] videos  (2.0/min, ETA ~594 min, records 349003)
  [244/1451] videos  (2.0/min, ETA ~593 min, records 349802)
  [245/1451] videos  (2.0/min, ETA ~605 min, records 350601)
  [246/1451] videos  (2.0/min, ETA ~602 min, records 351400)
  [247/1451] videos  (2.0/min, ETA ~599 min, records 352167)
  [248/1451] videos  (2.0/min, ETA ~598 min, records 352934)
  [249/1451] videos  (2.0/min, ETA ~611 min, records 353733)
  [250/1451] videos  (2.0/min, ETA ~608 min, records 354532)
  [251/1451] videos  (2.0/min, ETA ~605 min, records 355363)
  [252/1451] videos  (2.0/min, ETA ~604 min, records 356162)
  [253/1451] videos  (1.9/min, ETA ~615 min, records 356929)
  [254/1451] videos  (2.0/min, ETA ~613 min, records 357696)
  [255/1451] videos  (2.0/min, ETA ~610 min, records 358495)
  [256/1451] videos  (2.0/min, ETA ~609 min, records 359262)
  [257/1451] videos  (1.9/min, ETA ~620 min, records 359997)
  [258/1451] videos  (1.9/min, ETA ~617 min, records 360764)
  [259/1451] videos  (1.9/min, ETA ~615 min, records 361499)
  [260/1451] videos  (1.9/min, ETA ~623 min, records 363002)
  [261/1451] videos  (1.9/min, ETA ~629 min, records 364506)
  [262/1451] videos  (1.9/min, ETA ~626 min, records 366010)
  [263/1451] videos  (1.9/min, ETA ~625 min, records 367001)
  [264/1451] videos  (1.9/min, ETA ~629 min, records 367800)
  [265/1451] videos  (1.9/min, ETA ~633 min, records 368567)
  [266/1451] videos  (1.9/min, ETA ~631 min, records 369366)
  [267/1451] videos  (1.9/min, ETA ~630 min, records 370197)
  [268/1451] videos  (1.9/min, ETA ~633 min, records 370964)
  [269/1451] videos  (1.9/min, ETA ~637 min, records 371763)
  [270/1451] videos  (1.9/min, ETA ~635 min, records 372562)
  [271/1451] videos  (1.9/min, ETA ~634 min, records 373329)
  [272/1451] videos  (1.9/min, ETA ~633 min, records 373528)
  [273/1451] videos  (1.9/min, ETA ~633 min, records 374327)
  [274/1451] videos  (1.8/min, ETA ~636 min, records 375126)
  [275/1451] videos  (1.8/min, ETA ~638 min, records 376630)
  [276/1451] videos  (1.8/min, ETA ~639 min, records 378133)
  [277/1451] videos  (1.8/min, ETA ~638 min, records 379636)
  [278/1451] videos  (1.8/min, ETA ~635 min, records 381139)
  [279/1451] videos  (1.8/min, ETA ~636 min, records 382642)
  [280/1451] videos  (1.8/min, ETA ~638 min, records 384145)
  [281/1451] videos  (1.8/min, ETA ~636 min, records 385648)
  [282/1451] videos  (1.8/min, ETA ~634 min, records 387151)
  [283/1451] videos  (1.8/min, ETA ~634 min, records 388654)
  [284/1451] videos  (1.8/min, ETA ~636 min, records 390157)
  [285/1451] videos  (1.8/min, ETA ~635 min, records 391660)
  [286/1451] videos  (1.8/min, ETA ~632 min, records 393163)
  [287/1451] videos  (1.8/min, ETA ~634 min, records 394666)
  [288/1451] videos  (1.8/min, ETA ~631 min, records 396169)
  [289/1451] videos  (1.8/min, ETA ~628 min, records 397673)
  [290/1451] videos  (1.9/min, ETA ~626 min, records 399177)
  [291/1451] videos  (1.8/min, ETA ~628 min, records 400681)
  [292/1451] videos  (1.9/min, ETA ~626 min, records 402185)
  [293/1451] videos  (1.9/min, ETA ~623 min, records 403689)
  [294/1451] videos  (1.9/min, ETA ~621 min, records 405193)
  [295/1451] videos  (1.9/min, ETA ~623 min, records 406697)
  [296/1451] videos  (1.9/min, ETA ~620 min, records 408201)
  [297/1451] videos  (1.9/min, ETA ~618 min, records 409705)
  [298/1451] videos  (1.9/min, ETA ~615 min, records 411209)
  [299/1451] videos  (1.9/min, ETA ~618 min, records 412713)
  [300/1451] videos  (1.9/min, ETA ~615 min, records 414217)
  [301/1451] videos  (1.9/min, ETA ~613 min, records 415721)
  [302/1451] videos  (1.9/min, ETA ~610 min, records 417225)
  [303/1451] videos  (1.9/min, ETA ~612 min, records 418729)
  [304/1451] videos  (1.9/min, ETA ~609 min, records 420232)
  [305/1451] videos  (1.9/min, ETA ~612 min, records 421735)
  [306/1451] videos  (1.9/min, ETA ~610 min, records 423238)
  [307/1451] videos  (1.9/min, ETA ~610 min, records 424741)
  [308/1451] videos  (1.9/min, ETA ~608 min, records 426244)
  [309/1451] videos  (1.9/min, ETA ~610 min, records 427747)
  [310/1451] videos  (1.9/min, ETA ~608 min, records 429250)
  [311/1451] videos  (1.9/min, ETA ~609 min, records 430753)
  [312/1451] videos  (1.9/min, ETA ~606 min, records 432256)
  [313/1451] videos  (1.9/min, ETA ~609 min, records 433759)
  [314/1451] videos  (1.9/min, ETA ~606 min, records 435262)
  [315/1451] videos  (1.9/min, ETA ~607 min, records 436765)
  [316/1451] videos  (1.9/min, ETA ~605 min, records 438268)
  [317/1451] videos  (1.9/min, ETA ~603 min, records 439772)
  [318/1451] videos  (1.9/min, ETA ~601 min, records 441276)
  [319/1451] videos  (1.9/min, ETA ~602 min, records 442780)
  [320/1451] videos  (1.9/min, ETA ~600 min, records 444284)
  [321/1451] videos  (1.9/min, ETA ~598 min, records 445788)
  [322/1451] videos  (1.9/min, ETA ~596 min, records 447292)
  [323/1451] videos  (1.9/min, ETA ~598 min, records 448796)
  [324/1451] videos  (1.9/min, ETA ~596 min, records 450300)
  [325/1451] videos  (1.9/min, ETA ~593 min, records 451804)
  [326/1451] videos  (1.9/min, ETA ~591 min, records 453308)
  [327/1451] videos  (1.9/min, ETA ~593 min, records 454812)
  [328/1451] videos  (1.9/min, ETA ~591 min, records 456316)
  [329/1451] videos  (1.9/min, ETA ~589 min, records 457820)
  [330/1451] videos  (1.9/min, ETA ~587 min, records 459324)
  [331/1451] videos  (1.9/min, ETA ~588 min, records 460828)
  [332/1451] videos  (1.9/min, ETA ~586 min, records 462332)
  [333/1451] videos  (1.9/min, ETA ~585 min, records 463835)
  [334/1451] videos  (1.9/min, ETA ~586 min, records 465338)
  [335/1451] videos  (1.9/min, ETA ~587 min, records 466841)
  [336/1451] videos  (1.9/min, ETA ~585 min, records 468344)
  [337/1451] videos  (1.9/min, ETA ~584 min, records 469847)
  [338/1451] videos  (1.9/min, ETA ~585 min, records 471350)
  [339/1451] videos  (1.9/min, ETA ~585 min, records 472853)
  [340/1451] videos  (1.9/min, ETA ~583 min, records 474356)
  [341/1451] videos  (1.9/min, ETA ~582 min, records 475859)
  [342/1451] videos  (1.9/min, ETA ~583 min, records 477362)
  [343/1451] videos  (1.9/min, ETA ~581 min, records 478471)
  [344/1451] videos  (1.9/min, ETA ~583 min, records 479975)
  [345/1451] videos  (1.9/min, ETA ~581 min, records 481479)
  [346/1451] videos  (1.9/min, ETA ~579 min, records 482982)
  [347/1451] videos  (1.9/min, ETA ~580 min, records 484486)
  [348/1451] videos  (1.9/min, ETA ~578 min, records 485990)
  [349/1451] videos  (1.9/min, ETA ~576 min, records 487494)
  [350/1451] videos  (1.9/min, ETA ~575 min, records 488997)
  [351/1451] videos  (1.9/min, ETA ~575 min, records 490501)
  [352/1451] videos  (1.9/min, ETA ~573 min, records 492005)
  [353/1451] videos  (1.9/min, ETA ~571 min, records 493509)
  [354/1451] videos  (1.9/min, ETA ~571 min, records 495013)
  [355/1451] videos  (1.9/min, ETA ~571 min, records 496517)
  [356/1451] videos  (1.9/min, ETA ~569 min, records 498021)
  [357/1451] videos  (1.9/min, ETA ~567 min, records 499525)
  [358/1451] videos  (1.9/min, ETA ~566 min, records 501029)
  [359/1451] videos  (1.9/min, ETA ~567 min, records 502533)
  [360/1451] videos  (1.9/min, ETA ~565 min, records 504037)
  [361/1451] videos  (1.9/min, ETA ~564 min, records 505540)
  [362/1451] videos  (1.9/min, ETA ~565 min, records 507043)
  [363/1451] videos  (1.9/min, ETA ~565 min, records 508546)
  [364/1451] videos  (1.9/min, ETA ~563 min, records 510049)
  [365/1451] videos  (1.9/min, ETA ~562 min, records 511552)
  [366/1451] videos  (1.9/min, ETA ~564 min, records 513055)
  [367/1451] videos  (1.9/min, ETA ~564 min, records 514558)
  [368/1451] videos  (1.9/min, ETA ~562 min, records 516061)
  [369/1451] videos  (1.9/min, ETA ~561 min, records 517564)
  [370/1451] videos  (1.9/min, ETA ~563 min, records 519067)
  [371/1451] videos  (1.9/min, ETA ~563 min, records 520570)
  [372/1451] videos  (1.9/min, ETA ~561 min, records 522073)
  [373/1451] videos  (1.9/min, ETA ~559 min, records 523576)
  [374/1451] videos  (1.9/min, ETA ~558 min, records 525080)
  [375/1451] videos  (1.9/min, ETA ~559 min, records 526584)
  [376/1451] videos  (1.9/min, ETA ~557 min, records 528088)
  [377/1451] videos  (1.9/min, ETA ~555 min, records 529592)
  [378/1451] videos  (1.9/min, ETA ~553 min, records 531096)
  [379/1451] videos  (1.9/min, ETA ~555 min, records 532600)
  [380/1451] videos  (1.9/min, ETA ~553 min, records 534104)
  [381/1451] videos  (1.9/min, ETA ~551 min, records 535608)
  [382/1451] videos  (1.9/min, ETA ~550 min, records 537112)
  [383/1451] videos  (1.9/min, ETA ~551 min, records 538616)
  [384/1451] videos  (1.9/min, ETA ~549 min, records 540120)
  [385/1451] videos  (1.9/min, ETA ~547 min, records 541624)
  [386/1451] videos  (2.0/min, ETA ~546 min, records 543128)
  [387/1451] videos  (1.9/min, ETA ~547 min, records 544632)
  [388/1451] videos  (2.0/min, ETA ~545 min, records 546136)
  [389/1451] videos  (2.0/min, ETA ~543 min, records 547640)
  [390/1451] videos  (2.0/min, ETA ~543 min, records 549143)
  [391/1451] videos  (1.9/min, ETA ~545 min, records 550646)
  [392/1451] videos  (1.9/min, ETA ~543 min, records 552149)
  [393/1451] videos  (2.0/min, ETA ~542 min, records 553652)
  [394/1451] videos  (1.9/min, ETA ~542 min, records 555155)
  [395/1451] videos  (1.9/min, ETA ~544 min, records 556658)
  [396/1451] videos  (1.9/min, ETA ~542 min, records 558161)
  [397/1451] videos  (2.0/min, ETA ~540 min, records 559664)
  [398/1451] videos  (1.9/min, ETA ~541 min, records 561167)
  [399/1451] videos  (1.9/min, ETA ~540 min, records 562147)
  [400/1451] videos  (1.9/min, ETA ~541 min, records 563651)
  [401/1451] videos  (1.9/min, ETA ~539 min, records 565155)
  [402/1451] videos  (1.9/min, ETA ~540 min, records 566659)
  [403/1451] videos  (1.9/min, ETA ~539 min, records 568162)
  [404/1451] videos  (1.9/min, ETA ~537 min, records 569665)
  [405/1451] videos  (1.9/min, ETA ~538 min, records 571168)
  [406/1451] videos  (1.9/min, ETA ~536 min, records 572672)
  [407/1451] videos  (1.9/min, ETA ~537 min, records 574176)
  [408/1451] videos  (1.9/min, ETA ~536 min, records 575679)
  [409/1451] videos  (1.9/min, ETA ~535 min, records 577182)
  [410/1451] videos  (1.9/min, ETA ~534 min, records 578685)
  [411/1451] videos  (2.0/min, ETA ~533 min, records 580189)
  [412/1451] videos  (2.0/min, ETA ~532 min, records 581693)
  [413/1451] videos  (2.0/min, ETA ~531 min, records 583197)
  [414/1451] videos  (2.0/min, ETA ~530 min, records 584701)
  [415/1451] videos  (2.0/min, ETA ~529 min, records 586205)
  [416/1451] videos  (2.0/min, ETA ~528 min, records 587709)
  [417/1451] videos  (2.0/min, ETA ~527 min, records 589213)
  [418/1451] videos  (2.0/min, ETA ~526 min, records 590717)
  [419/1451] videos  (2.0/min, ETA ~526 min, records 592221)
  [420/1451] videos  (2.0/min, ETA ~525 min, records 593725)
  [421/1451] videos  (2.0/min, ETA ~524 min, records 595228)
  [422/1451] videos  (2.0/min, ETA ~524 min, records 596732)
  [423/1451] videos  (2.0/min, ETA ~523 min, records 598235)
  [424/1451] videos  (2.0/min, ETA ~523 min, records 599739)
  [425/1451] videos  (2.0/min, ETA ~522 min, records 601242)
  [426/1451] videos  (2.0/min, ETA ~521 min, records 602745)
  [427/1451] videos  (2.0/min, ETA ~520 min, records 604249)
  [428/1451] videos  (2.0/min, ETA ~520 min, records 605753)
  [429/1451] videos  (2.0/min, ETA ~519 min, records 607256)
  [430/1451] videos  (2.0/min, ETA ~519 min, records 608759)
  [431/1451] videos  (2.0/min, ETA ~518 min, records 610263)
  [432/1451] videos  (2.0/min, ETA ~516 min, records 611767)
  [433/1451] videos  (2.0/min, ETA ~515 min, records 612934)
  [434/1451] videos  (2.0/min, ETA ~515 min, records 614438)
  [435/1451] videos  (2.0/min, ETA ~514 min, records 615942)
  [436/1451] videos  (2.0/min, ETA ~513 min, records 617446)
  [437/1451] videos  (2.0/min, ETA ~511 min, records 618950)
  [438/1451] videos  (2.0/min, ETA ~513 min, records 620453)
  [439/1451] videos  (2.0/min, ETA ~513 min, records 621956)
  [440/1451] videos  (2.0/min, ETA ~511 min, records 623459)
  [441/1451] videos  (2.0/min, ETA ~510 min, records 624962)
  [442/1451] videos  (2.0/min, ETA ~512 min, records 626465)
  [443/1451] videos  (2.0/min, ETA ~511 min, records 627968)
  [444/1451] videos  (2.0/min, ETA ~510 min, records 629471)
  [445/1451] videos  (2.0/min, ETA ~508 min, records 630974)
  [446/1451] videos  (2.0/min, ETA ~511 min, records 632477)
  [447/1451] videos  (2.0/min, ETA ~510 min, records 633980)
  [448/1451] videos  (2.0/min, ETA ~508 min, records 635483)
  [449/1451] videos  (2.0/min, ETA ~507 min, records 636986)
  [450/1451] videos  (2.0/min, ETA ~508 min, records 638489)
  [451/1451] videos  (2.0/min, ETA ~507 min, records 639993)
  [452/1451] videos  (2.0/min, ETA ~505 min, records 641497)
  [453/1451] videos  (2.0/min, ETA ~504 min, records 643001)
  [454/1451] videos  (2.0/min, ETA ~504 min, records 644505)
  [455/1451] videos  (2.0/min, ETA ~503 min, records 646009)
  [456/1451] videos  (2.0/min, ETA ~502 min, records 647513)
  [457/1451] videos  (2.0/min, ETA ~500 min, records 649017)
  [458/1451] videos  (2.0/min, ETA ~501 min, records 650521)
  [459/1451] videos  (2.0/min, ETA ~500 min, records 652025)
  [460/1451] videos  (2.0/min, ETA ~498 min, records 653529)
  [461/1451] videos  (2.0/min, ETA ~497 min, records 655033)
  [462/1451] videos  (2.0/min, ETA ~498 min, records 656537)
  [463/1451] videos  (2.0/min, ETA ~496 min, records 658041)
  [464/1451] videos  (2.0/min, ETA ~495 min, records 659545)
  [465/1451] videos  (2.0/min, ETA ~494 min, records 661049)
  [466/1451] videos  (2.0/min, ETA ~494 min, records 662552)
  [467/1451] videos  (2.0/min, ETA ~495 min, records 664055)
  [468/1451] videos  (2.0/min, ETA ~494 min, records 665558)
  [469/1451] videos  (2.0/min, ETA ~492 min, records 667061)
  [470/1451] videos  (2.0/min, ETA ~492 min, records 668564)
  [471/1451] videos  (2.0/min, ETA ~494 min, records 670067)
  [472/1451] videos  (2.0/min, ETA ~492 min, records 671570)
  [473/1451] videos  (2.0/min, ETA ~491 min, records 673073)
  [474/1451] videos  (2.0/min, ETA ~491 min, records 674576)
  [475/1451] videos  (2.0/min, ETA ~492 min, records 676079)
  [476/1451] videos  (2.0/min, ETA ~491 min, records 677582)
  [477/1451] videos  (2.0/min, ETA ~489 min, records 679085)
  [478/1451] videos  (2.0/min, ETA ~490 min, records 680588)
  [479/1451] videos  (2.0/min, ETA ~489 min, records 682092)
  [480/1451] videos  (2.0/min, ETA ~487 min, records 683596)
  [481/1451] videos  (2.0/min, ETA ~486 min, records 685100)
  [482/1451] videos  (2.0/min, ETA ~486 min, records 686604)
  [483/1451] videos  (2.0/min, ETA ~486 min, records 688108)
  [484/1451] videos  (2.0/min, ETA ~484 min, records 689612)
  [485/1451] videos  (2.0/min, ETA ~483 min, records 691116)
  [486/1451] videos  (2.0/min, ETA ~483 min, records 692620)
  [487/1451] videos  (2.0/min, ETA ~482 min, records 694124)
  [488/1451] videos  (2.0/min, ETA ~481 min, records 695628)
  [489/1451] videos  (2.0/min, ETA ~480 min, records 697132)
  [490/1451] videos  (2.0/min, ETA ~480 min, records 698636)
  [491/1451] videos  (2.0/min, ETA ~479 min, records 700140)
  [492/1451] videos  (2.0/min, ETA ~478 min, records 701644)
  [493/1451] videos  (2.0/min, ETA ~477 min, records 703148)
  [494/1451] videos  (2.0/min, ETA ~476 min, records 704652)
  [495/1451] videos  (2.0/min, ETA ~476 min, records 706155)
  [496/1451] videos  (2.0/min, ETA ~477 min, records 707658)
  [497/1451] videos  (2.0/min, ETA ~475 min, records 709161)
  [498/1451] videos  (2.0/min, ETA ~475 min, records 710664)
  [499/1451] videos  (2.0/min, ETA ~475 min, records 712167)
  [500/1451] videos  (2.0/min, ETA ~475 min, records 713670)
  [501/1451] videos  (2.0/min, ETA ~474 min, records 715173)
  [502/1451] videos  (2.0/min, ETA ~474 min, records 716676)
  [503/1451] videos  (2.0/min, ETA ~473 min, records 718179)
  [504/1451] videos  (2.0/min, ETA ~474 min, records 719682)
  [505/1451] videos  (2.0/min, ETA ~472 min, records 721185)
  [506/1451] videos  (2.0/min, ETA ~472 min, records 722688)
  [507/1451] videos  (2.0/min, ETA ~471 min, records 724191)
  [508/1451] videos  (2.0/min, ETA ~470 min, records 725695)
  [509/1451] videos  (2.0/min, ETA ~469 min, records 727199)
  [510/1451] videos  (2.0/min, ETA ~469 min, records 728703)
  [511/1451] videos  (2.0/min, ETA ~468 min, records 730207)
  [512/1451] videos  (2.0/min, ETA ~467 min, records 731711)
  [513/1451] videos  (2.0/min, ETA ~466 min, records 733215)
  [514/1451] videos  (2.0/min, ETA ~465 min, records 734719)
  [515/1451] videos  (2.0/min, ETA ~466 min, records 736223)
  [516/1451] videos  (2.0/min, ETA ~465 min, records 737727)
  [517/1451] videos  (2.0/min, ETA ~465 min, records 739231)
  [518/1451] videos  (2.0/min, ETA ~464 min, records 740735)
  [519/1451] videos  (2.0/min, ETA ~463 min, records 742238)
  [520/1451] videos  (2.0/min, ETA ~462 min, records 743741)
  [521/1451] videos  (2.0/min, ETA ~462 min, records 745245)
  [522/1451] videos  (2.0/min, ETA ~461 min, records 746749)
  [523/1451] videos  (2.0/min, ETA ~460 min, records 748253)
  [524/1451] videos  (2.0/min, ETA ~459 min, records 749757)
  [525/1451] videos  (2.0/min, ETA ~459 min, records 751261)
  [526/1451] videos  (2.0/min, ETA ~458 min, records 752765)
  [527/1451] videos  (2.0/min, ETA ~457 min, records 754269)
  [528/1451] videos  (2.0/min, ETA ~456 min, records 755773)
  [529/1451] videos  (2.0/min, ETA ~456 min, records 757277)
  [530/1451] videos  (2.0/min, ETA ~455 min, records 758781)
  [531/1451] videos  (2.0/min, ETA ~454 min, records 760285)
  [532/1451] videos  (2.0/min, ETA ~453 min, records 761789)
  [533/1451] videos  (2.0/min, ETA ~453 min, records 763292)
  [534/1451] videos  (2.0/min, ETA ~453 min, records 764795)
  [535/1451] videos  (2.0/min, ETA ~453 min, records 766298)
  [536/1451] videos  (2.0/min, ETA ~451 min, records 767801)
  [537/1451] videos  (2.0/min, ETA ~451 min, records 769304)
  [538/1451] videos  (2.0/min, ETA ~452 min, records 770807)
  [539/1451] videos  (2.0/min, ETA ~451 min, records 772310)
  [540/1451] videos  (2.0/min, ETA ~450 min, records 773813)
  [541/1451] videos  (2.0/min, ETA ~450 min, records 775316)
  [542/1451] videos  (2.0/min, ETA ~450 min, records 776819)
  [543/1451] videos  (2.0/min, ETA ~449 min, records 778322)
  [544/1451] videos  (2.0/min, ETA ~448 min, records 779825)
  [545/1451] videos  (2.0/min, ETA ~448 min, records 781328)
  [546/1451] videos  (2.0/min, ETA ~447 min, records 782832)
  [547/1451] videos  (2.0/min, ETA ~446 min, records 784336)
  [548/1451] videos  (2.0/min, ETA ~445 min, records 785840)
  [549/1451] videos  (2.0/min, ETA ~445 min, records 787344)
  [550/1451] videos  (2.0/min, ETA ~444 min, records 788848)
  [551/1451] videos  (2.0/min, ETA ~443 min, records 790352)
  [552/1451] videos  (2.0/min, ETA ~442 min, records 791856)
  [553/1451] videos  (2.0/min, ETA ~442 min, records 793360)
  [554/1451] videos  (2.0/min, ETA ~441 min, records 794864)
  [555/1451] videos  (2.0/min, ETA ~441 min, records 796368)
  [556/1451] videos  (2.0/min, ETA ~440 min, records 797872)
  [557/1451] videos  (2.0/min, ETA ~439 min, records 799376)
  [558/1451] videos  (2.0/min, ETA ~438 min, records 800880)
  [559/1451] videos  (2.0/min, ETA ~438 min, records 802384)
  [560/1451] videos  (2.0/min, ETA ~437 min, records 803888)
  [561/1451] videos  (2.0/min, ETA ~436 min, records 805392)
  [562/1451] videos  (2.0/min, ETA ~436 min, records 806895)
  [563/1451] videos  (2.0/min, ETA ~436 min, records 808398)
  [564/1451] videos  (2.0/min, ETA ~435 min, records 809901)
  [565/1451] videos  (2.0/min, ETA ~434 min, records 811404)
  [566/1451] videos  (2.0/min, ETA ~434 min, records 812907)
  [567/1451] videos  (2.0/min, ETA ~435 min, records 814410)
  [568/1451] videos  (2.0/min, ETA ~433 min, records 815913)
  [569/1451] videos  (2.0/min, ETA ~433 min, records 817413)
  [570/1451] videos  (2.0/min, ETA ~435 min, records 818916)
  [571/1451] videos  (2.0/min, ETA ~434 min, records 820419)
  [572/1451] videos  (2.0/min, ETA ~433 min, records 821922)
  [573/1451] videos  (2.0/min, ETA ~431 min, records 823425)
  [574/1451] videos  (2.0/min, ETA ~432 min, records 824929)
  [575/1451] videos  (2.0/min, ETA ~431 min, records 826433)
  [576/1451] videos  (2.0/min, ETA ~430 min, records 827937)
  [577/1451] videos  (2.0/min, ETA ~429 min, records 829441)
  [578/1451] videos  (2.0/min, ETA ~429 min, records 830945)
  [579/1451] videos  (2.0/min, ETA ~428 min, records 832449)
  [580/1451] videos  (2.0/min, ETA ~427 min, records 833953)
  [581/1451] videos  (2.0/min, ETA ~426 min, records 835457)
  [582/1451] videos  (2.0/min, ETA ~426 min, records 836961)
  [583/1451] videos  (2.0/min, ETA ~425 min, records 838465)
  [584/1451] videos  (2.0/min, ETA ~424 min, records 839969)
  [585/1451] videos  (2.0/min, ETA ~423 min, records 841473)
  [586/1451] videos  (2.0/min, ETA ~423 min, records 842977)
  [587/1451] videos  (2.0/min, ETA ~423 min, records 844481)
  [588/1451] videos  (2.0/min, ETA ~421 min, records 845985)
  [589/1451] videos  (2.1/min, ETA ~420 min, records 847489)
  [590/1451] videos  (2.0/min, ETA ~421 min, records 848992)
  [591/1451] videos  (2.0/min, ETA ~421 min, records 850495)
  [592/1451] videos  (2.0/min, ETA ~420 min, records 851998)
  [593/1451] videos  (2.0/min, ETA ~419 min, records 853501)
  [594/1451] videos  (2.0/min, ETA ~419 min, records 855004)
  [595/1451] videos  (2.0/min, ETA ~419 min, records 856507)
  [596/1451] videos  (2.0/min, ETA ~418 min, records 858010)
  [597/1451] videos  (2.0/min, ETA ~417 min, records 859513)
  [598/1451] videos  (2.0/min, ETA ~418 min, records 861016)
  [599/1451] videos  (2.0/min, ETA ~418 min, records 862519)
  [600/1451] videos  (2.0/min, ETA ~417 min, records 864022)
  [601/1451] videos  (2.0/min, ETA ~416 min, records 865525)
  [602/1451] videos  (2.0/min, ETA ~416 min, records 867028)
  [603/1451] videos  (2.0/min, ETA ~415 min, records 868532)
  [604/1451] videos  (2.0/min, ETA ~414 min, records 870036)
  [605/1451] videos  (2.0/min, ETA ~413 min, records 871540)
  [606/1451] videos  (2.0/min, ETA ~413 min, records 873044)
  [607/1451] videos  (2.0/min, ETA ~412 min, records 874548)
  [608/1451] videos  (2.0/min, ETA ~411 min, records 876052)
  [609/1451] videos  (2.1/min, ETA ~410 min, records 877556)
  [610/1451] videos  (2.0/min, ETA ~412 min, records 879059)
  [611/1451] videos  (2.0/min, ETA ~411 min, records 880562)
  [612/1451] videos  (2.0/min, ETA ~410 min, records 882065)
  [613/1451] videos  (2.1/min, ETA ~409 min, records 883568)
  [614/1451] videos  (2.0/min, ETA ~409 min, records 885072)
  [615/1451] videos  (2.0/min, ETA ~408 min, records 886576)
  [616/1451] videos  (2.0/min, ETA ~408 min, records 888079)
  [617/1451] videos  (2.0/min, ETA ~407 min, records 889583)
  [618/1451] videos  (2.1/min, ETA ~406 min, records 891087)
  [619/1451] videos  (2.1/min, ETA ~405 min, records 892590)
  [620/1451] videos  (2.1/min, ETA ~405 min, records 894094)
  [621/1451] videos  (2.1/min, ETA ~404 min, records 895598)
  [622/1451] videos  (2.1/min, ETA ~403 min, records 897102)
  [623/1451] videos  (2.1/min, ETA ~403 min, records 898606)
  [624/1451] videos  (2.1/min, ETA ~403 min, records 900110)
  [625/1451] videos  (2.1/min, ETA ~402 min, records 901614)
  [626/1451] videos  (2.1/min, ETA ~401 min, records 903118)
  [627/1451] videos  (2.1/min, ETA ~400 min, records 904622)
  [628/1451] videos  (2.1/min, ETA ~400 min, records 906126)
  [629/1451] videos  (2.1/min, ETA ~399 min, records 907630)
  [630/1451] videos  (2.1/min, ETA ~398 min, records 909134)
  [631/1451] videos  (2.1/min, ETA ~397 min, records 910638)
  [632/1451] videos  (2.1/min, ETA ~398 min, records 912141)
  [633/1451] videos  (2.1/min, ETA ~398 min, records 913644)
  [634/1451] videos  (2.1/min, ETA ~397 min, records 915147)
  [635/1451] videos  (2.1/min, ETA ~395 min, records 916650)
  [636/1451] videos  (2.1/min, ETA ~396 min, records 918153)
  [637/1451] videos  (2.1/min, ETA ~396 min, records 919656)
  [638/1451] videos  (2.1/min, ETA ~395 min, records 921159)
  [639/1451] videos  (2.1/min, ETA ~394 min, records 922662)
  [640/1451] videos  (2.1/min, ETA ~394 min, records 924165)
  [641/1451] videos  (2.1/min, ETA ~394 min, records 925668)
  [642/1451] videos  (2.1/min, ETA ~393 min, records 927171)
  [643/1451] videos  (2.1/min, ETA ~392 min, records 928674)
  [644/1451] videos  (2.1/min, ETA ~392 min, records 930177)
  [645/1451] videos  (2.1/min, ETA ~392 min, records 931681)
  [646/1451] videos  (2.1/min, ETA ~391 min, records 933185)
  [647/1451] videos  (2.1/min, ETA ~390 min, records 934689)
  [648/1451] videos  (2.1/min, ETA ~390 min, records 936193)
  [649/1451] videos  (2.1/min, ETA ~389 min, records 937697)
  [650/1451] videos  (2.1/min, ETA ~388 min, records 939201)
  [651/1451] videos  (2.1/min, ETA ~387 min, records 940705)
  [652/1451] videos  (2.1/min, ETA ~387 min, records 942209)
  [653/1451] videos  (2.1/min, ETA ~387 min, records 943713)
  [654/1451] videos  (2.1/min, ETA ~386 min, records 945217)
  [655/1451] videos  (2.1/min, ETA ~385 min, records 946721)
  [656/1451] videos  (2.1/min, ETA ~385 min, records 948225)
  [657/1451] videos  (2.1/min, ETA ~384 min, records 949729)
  [658/1451] videos  (2.1/min, ETA ~383 min, records 951233)
  [659/1451] videos  (2.1/min, ETA ~382 min, records 952737)
  [660/1451] videos  (2.1/min, ETA ~382 min, records 954241)
  [661/1451] videos  (2.1/min, ETA ~382 min, records 955744)
  [662/1451] videos  (2.1/min, ETA ~382 min, records 957247)
  [663/1451] videos  (2.1/min, ETA ~381 min, records 958750)
  [664/1451] videos  (2.1/min, ETA ~380 min, records 960253)
  [665/1451] videos  (2.1/min, ETA ~380 min, records 960665)
  [666/1451] videos  (2.1/min, ETA ~380 min, records 962168)
  [667/1451] videos  (2.1/min, ETA ~379 min, records 963671)
  [668/1451] videos  (2.1/min, ETA ~378 min, records 965174)
  [669/1451] videos  (2.1/min, ETA ~378 min, records 966678)
  [670/1451] videos  (2.1/min, ETA ~377 min, records 968182)
  [671/1451] videos  (2.1/min, ETA ~376 min, records 969686)
  [672/1451] videos  (2.1/min, ETA ~375 min, records 971190)
  [673/1451] videos  (2.1/min, ETA ~376 min, records 972694)
  [674/1451] videos  (2.1/min, ETA ~375 min, records 974198)
  [675/1451] videos  (2.1/min, ETA ~374 min, records 975702)
  [676/1451] videos  (2.1/min, ETA ~373 min, records 977206)
  [677/1451] videos  (2.1/min, ETA ~373 min, records 978710)
  [678/1451] videos  (2.1/min, ETA ~373 min, records 980213)
  [679/1451] videos  (2.1/min, ETA ~372 min, records 981716)
  [680/1451] videos  (2.1/min, ETA ~371 min, records 983219)
  [681/1451] videos  (2.1/min, ETA ~371 min, records 984722)
  [682/1451] videos  (2.1/min, ETA ~371 min, records 986225)
  [683/1451] videos  (2.1/min, ETA ~371 min, records 987728)
  [684/1451] videos  (2.1/min, ETA ~370 min, records 989231)
  [685/1451] videos  (2.1/min, ETA ~370 min, records 990734)
  [686/1451] videos  (2.1/min, ETA ~370 min, records 992237)
  [687/1451] videos  (2.1/min, ETA ~369 min, records 993740)
  [688/1451] videos  (2.1/min, ETA ~368 min, records 995243)
  [689/1451] videos  (2.1/min, ETA ~368 min, records 996746)
  [690/1451] videos  (2.1/min, ETA ~367 min, records 998249)
  [691/1451] videos  (2.1/min, ETA ~366 min, records 999753)
  [692/1451] videos  (2.1/min, ETA ~365 min, records 1001257)
  [693/1451] videos  (2.1/min, ETA ~366 min, records 1002761)
  [694/1451] videos  (2.1/min, ETA ~365 min, records 1004265)
  [695/1451] videos  (2.1/min, ETA ~364 min, records 1005769)
  [696/1451] videos  (2.1/min, ETA ~363 min, records 1007273)
  [697/1451] videos  (2.1/min, ETA ~363 min, records 1008777)
  [698/1451] videos  (2.1/min, ETA ~362 min, records 1010281)
  [699/1451] videos  (2.1/min, ETA ~361 min, records 1011785)
  [700/1451] videos  (2.1/min, ETA ~360 min, records 1013289)
  [701/1451] videos  (2.1/min, ETA ~361 min, records 1014793)
  [702/1451] videos  (2.1/min, ETA ~360 min, records 1016297)
  [703/1451] videos  (2.1/min, ETA ~359 min, records 1017801)
  [704/1451] videos  (2.1/min, ETA ~358 min, records 1019305)
  [705/1451] videos  (2.1/min, ETA ~358 min, records 1020809)
  [706/1451] videos  (2.1/min, ETA ~357 min, records 1022312)
  [707/1451] videos  (2.1/min, ETA ~357 min, records 1023815)
  [708/1451] videos  (2.1/min, ETA ~357 min, records 1025318)
  [709/1451] videos  (2.1/min, ETA ~356 min, records 1026821)
  [710/1451] videos  (2.1/min, ETA ~356 min, records 1028324)
  [711/1451] videos  (2.1/min, ETA ~355 min, records 1028475)
  [712/1451] videos  (2.1/min, ETA ~355 min, records 1029978)
  [713/1451] videos  (2.1/min, ETA ~354 min, records 1031481)
  [714/1451] videos  (2.1/min, ETA ~354 min, records 1032984)
  [715/1451] videos  (2.1/min, ETA ~355 min, records 1034487)
  [716/1451] videos  (2.1/min, ETA ~354 min, records 1035990)
  [717/1451] videos  (2.1/min, ETA ~353 min, records 1037493)
  [718/1451] videos  (2.1/min, ETA ~352 min, records 1038996)
  [719/1451] videos  (2.1/min, ETA ~352 min, records 1040500)
  [720/1451] videos  (2.1/min, ETA ~351 min, records 1042004)
  [721/1451] videos  (2.1/min, ETA ~351 min, records 1043508)
  [722/1451] videos  (2.1/min, ETA ~350 min, records 1045011)
  [723/1451] videos  (2.1/min, ETA ~350 min, records 1046515)
  [724/1451] videos  (2.1/min, ETA ~349 min, records 1048019)
  [725/1451] videos  (2.1/min, ETA ~348 min, records 1049523)
  [726/1451] videos  (2.1/min, ETA ~348 min, records 1051027)
  [727/1451] videos  (2.1/min, ETA ~347 min, records 1052531)
  [728/1451] videos  (2.1/min, ETA ~347 min, records 1054035)
  [729/1451] videos  (2.1/min, ETA ~346 min, records 1055539)
  [730/1451] videos  (2.1/min, ETA ~345 min, records 1057043)
  [731/1451] videos  (2.1/min, ETA ~345 min, records 1058547)
  [732/1451] videos  (2.1/min, ETA ~344 min, records 1060051)
  [733/1451] videos  (2.1/min, ETA ~343 min, records 1061555)
  [734/1451] videos  (2.1/min, ETA ~343 min, records 1063059)
  [735/1451] videos  (2.1/min, ETA ~342 min, records 1064563)
  [736/1451] videos  (2.1/min, ETA ~343 min, records 1066066)
  [737/1451] videos  (2.1/min, ETA ~342 min, records 1067569)
  [738/1451] videos  (2.1/min, ETA ~341 min, records 1069072)
  [739/1451] videos  (2.1/min, ETA ~341 min, records 1070575)
  [740/1451] videos  (2.1/min, ETA ~341 min, records 1072078)
  [741/1451] videos  (2.1/min, ETA ~340 min, records 1073581)
  [742/1451] videos  (2.1/min, ETA ~340 min, records 1075084)
  [743/1451] videos  (2.1/min, ETA ~339 min, records 1076587)
  [744/1451] videos  (2.1/min, ETA ~339 min, records 1078090)
  [745/1451] videos  (2.1/min, ETA ~339 min, records 1079593)
  [746/1451] videos  (2.1/min, ETA ~338 min, records 1081096)
  [747/1451] videos  (2.1/min, ETA ~338 min, records 1082599)
  [748/1451] videos  (2.1/min, ETA ~337 min, records 1084102)
  [749/1451] videos  (2.1/min, ETA ~336 min, records 1085606)
  [750/1451] videos  (2.1/min, ETA ~336 min, records 1087110)
  [751/1451] videos  (2.1/min, ETA ~335 min, records 1088614)
  [752/1451] videos  (2.1/min, ETA ~335 min, records 1090118)
  [753/1451] videos  (2.1/min, ETA ~334 min, records 1091622)
  [754/1451] videos  (2.1/min, ETA ~333 min, records 1093126)
  [755/1451] videos  (2.1/min, ETA ~333 min, records 1094630)
  [756/1451] videos  (2.1/min, ETA ~332 min, records 1096134)
  [757/1451] videos  (2.1/min, ETA ~332 min, records 1097638)
  [758/1451] videos  (2.1/min, ETA ~331 min, records 1099142)
  [759/1451] videos  (2.1/min, ETA ~331 min, records 1100646)
  [760/1451] videos  (2.1/min, ETA ~330 min, records 1102150)
  [761/1451] videos  (2.1/min, ETA ~329 min, records 1103654)
  [762/1451] videos  (2.1/min, ETA ~329 min, records 1105158)
  [763/1451] videos  (2.1/min, ETA ~328 min, records 1106662)
  [764/1451] videos  (2.1/min, ETA ~328 min, records 1108165)
  [765/1451] videos  (2.1/min, ETA ~328 min, records 1109668)
  [766/1451] videos  (2.1/min, ETA ~327 min, records 1111171)
  [767/1451] videos  (2.1/min, ETA ~327 min, records 1112674)
  [768/1451] videos  (2.1/min, ETA ~326 min, records 1114177)
  [769/1451] videos  (2.1/min, ETA ~326 min, records 1115680)
  [770/1451] videos  (2.1/min, ETA ~325 min, records 1117183)
  [771/1451] videos  (2.1/min, ETA ~325 min, records 1118686)
  [772/1451] videos  (2.1/min, ETA ~324 min, records 1120189)
  [773/1451] videos  (2.1/min, ETA ~325 min, records 1121692)
  [774/1451] videos  (2.1/min, ETA ~324 min, records 1123195)
  [775/1451] videos  (2.1/min, ETA ~323 min, records 1124698)
  [776/1451] videos  (2.1/min, ETA ~323 min, records 1126201)
  [777/1451] videos  (2.1/min, ETA ~322 min, records 1127705)
  [778/1451] videos  (2.1/min, ETA ~321 min, records 1129209)
  [779/1451] videos  (2.1/min, ETA ~321 min, records 1130713)
  [780/1451] videos  (2.1/min, ETA ~321 min, records 1132217)
  [781/1451] videos  (2.1/min, ETA ~320 min, records 1133721)
  [782/1451] videos  (2.1/min, ETA ~319 min, records 1135225)
  [783/1451] videos  (2.1/min, ETA ~319 min, records 1136729)
  [784/1451] videos  (2.1/min, ETA ~318 min, records 1138233)
  [785/1451] videos  (2.1/min, ETA ~317 min, records 1139737)
  [786/1451] videos  (2.1/min, ETA ~317 min, records 1141241)
  [787/1451] videos  (2.1/min, ETA ~317 min, records 1142745)
  [788/1451] videos  (2.1/min, ETA ~316 min, records 1144249)
  [789/1451] videos  (2.1/min, ETA ~315 min, records 1145753)
  [790/1451] videos  (2.1/min, ETA ~315 min, records 1147257)
  [791/1451] videos  (2.1/min, ETA ~314 min, records 1148761)
  [792/1451] videos  (2.1/min, ETA ~313 min, records 1150265)
  [793/1451] videos  (2.1/min, ETA ~313 min, records 1151768)
  [794/1451] videos  (2.1/min, ETA ~313 min, records 1153271)
  [795/1451] videos  (2.1/min, ETA ~313 min, records 1154774)
  [796/1451] videos  (2.1/min, ETA ~312 min, records 1156277)
  [797/1451] videos  (2.1/min, ETA ~311 min, records 1156412)
  [798/1451] videos  (2.1/min, ETA ~311 min, records 1157915)
  [799/1451] videos  (2.1/min, ETA ~310 min, records 1159418)
  [800/1451] videos  (2.1/min, ETA ~311 min, records 1160921)
  [801/1451] videos  (2.1/min, ETA ~310 min, records 1162424)
  [802/1451] videos  (2.1/min, ETA ~310 min, records 1163927)
  [803/1451] videos  (2.1/min, ETA ~309 min, records 1165430)
  [804/1451] videos  (2.1/min, ETA ~309 min, records 1166934)
  [805/1451] videos  (2.1/min, ETA ~308 min, records 1168438)
  [806/1451] videos  (2.1/min, ETA ~307 min, records 1169942)
  [807/1451] videos  (2.1/min, ETA ~307 min, records 1171445)
  [808/1451] videos  (2.1/min, ETA ~307 min, records 1172949)
  [809/1451] videos  (2.1/min, ETA ~306 min, records 1174453)
  [810/1451] videos  (2.1/min, ETA ~305 min, records 1175957)
  [811/1451] videos  (2.1/min, ETA ~304 min, records 1177461)
  [812/1451] videos  (2.1/min, ETA ~304 min, records 1178965)
  [813/1451] videos  (2.1/min, ETA ~304 min, records 1180469)
  [814/1451] videos  (2.1/min, ETA ~303 min, records 1181973)
  [815/1451] videos  (2.1/min, ETA ~302 min, records 1183477)
  [816/1451] videos  (2.1/min, ETA ~302 min, records 1184981)
  [817/1451] videos  (2.1/min, ETA ~301 min, records 1186485)
  [818/1451] videos  (2.1/min, ETA ~301 min, records 1187989)
  [819/1451] videos  (2.1/min, ETA ~300 min, records 1189493)
  [820/1451] videos  (2.1/min, ETA ~300 min, records 1190997)
  [821/1451] videos  (2.1/min, ETA ~300 min, records 1192500)
  [822/1451] videos  (2.1/min, ETA ~299 min, records 1194003)
  [823/1451] videos  (2.1/min, ETA ~298 min, records 1195506)
  [824/1451] videos  (2.1/min, ETA ~298 min, records 1197009)
  [825/1451] videos  (2.1/min, ETA ~298 min, records 1198512)
  [826/1451] videos  (2.1/min, ETA ~297 min, records 1200015)
  [827/1451] videos  (2.1/min, ETA ~297 min, records 1201518)
  [828/1451] videos  (2.1/min, ETA ~296 min, records 1203021)
  [829/1451] videos  (2.1/min, ETA ~296 min, records 1204524)
  [830/1451] videos  (2.1/min, ETA ~296 min, records 1206027)
  [831/1451] videos  (2.1/min, ETA ~295 min, records 1207530)
  [832/1451] videos  (2.1/min, ETA ~295 min, records 1209033)
  [833/1451] videos  (2.1/min, ETA ~294 min, records 1210537)
  [834/1451] videos  (2.1/min, ETA ~293 min, records 1212041)
  [835/1451] videos  (2.1/min, ETA ~293 min, records 1213545)
  [836/1451] videos  (2.1/min, ETA ~292 min, records 1215049)
  [837/1451] videos  (2.1/min, ETA ~292 min, records 1216553)
  [838/1451] videos  (2.1/min, ETA ~291 min, records 1218057)
  [839/1451] videos  (2.1/min, ETA ~290 min, records 1219561)
  [840/1451] videos  (2.1/min, ETA ~290 min, records 1221065)
  [841/1451] videos  (2.1/min, ETA ~289 min, records 1222569)
  [842/1451] videos  (2.1/min, ETA ~289 min, records 1224073)
  [843/1451] videos  (2.1/min, ETA ~288 min, records 1225577)
  [844/1451] videos  (2.1/min, ETA ~288 min, records 1227081)
  [845/1451] videos  (2.1/min, ETA ~287 min, records 1228585)
  [846/1451] videos  (2.1/min, ETA ~287 min, records 1230089)
  [847/1451] videos  (2.1/min, ETA ~286 min, records 1231593)
  [848/1451] videos  (2.1/min, ETA ~286 min, records 1233097)
  [849/1451] videos  (2.1/min, ETA ~285 min, records 1234600)
  [850/1451] videos  (2.1/min, ETA ~285 min, records 1236103)
  [851/1451] videos  (2.1/min, ETA ~284 min, records 1237606)
  [852/1451] videos  (2.1/min, ETA ~284 min, records 1239109)
  [853/1451] videos  (2.1/min, ETA ~283 min, records 1239283)
  [854/1451] videos  (2.1/min, ETA ~283 min, records 1240786)
  [855/1451] videos  (2.1/min, ETA ~283 min, records 1242289)
  [856/1451] videos  (2.1/min, ETA ~282 min, records 1243792)
  [857/1451] videos  (2.1/min, ETA ~283 min, records 1245295)
  [858/1451] videos  (2.1/min, ETA ~282 min, records 1246798)
  [859/1451] videos  (2.1/min, ETA ~281 min, records 1248301)
  [860/1451] videos  (2.1/min, ETA ~280 min, records 1249804)
  [861/1451] videos  (2.1/min, ETA ~280 min, records 1251308)
  [862/1451] videos  (2.1/min, ETA ~280 min, records 1252812)
  [863/1451] videos  (2.1/min, ETA ~279 min, records 1254316)
  [864/1451] videos  (2.1/min, ETA ~278 min, records 1255819)
  [865/1451] videos  (2.1/min, ETA ~278 min, records 1257323)
  [866/1451] videos  (2.1/min, ETA ~277 min, records 1258827)
  [867/1451] videos  (2.1/min, ETA ~277 min, records 1260331)
  [868/1451] videos  (2.1/min, ETA ~276 min, records 1261835)
  [869/1451] videos  (2.1/min, ETA ~276 min, records 1263339)
  [870/1451] videos  (2.1/min, ETA ~275 min, records 1264843)
  [871/1451] videos  (2.1/min, ETA ~275 min, records 1266347)
  [872/1451] videos  (2.1/min, ETA ~274 min, records 1267851)
  [873/1451] videos  (2.1/min, ETA ~274 min, records 1269355)
  [874/1451] videos  (2.1/min, ETA ~273 min, records 1270859)
  [875/1451] videos  (2.1/min, ETA ~272 min, records 1272363)
  [876/1451] videos  (2.1/min, ETA ~272 min, records 1273867)
  [877/1451] videos  (2.1/min, ETA ~272 min, records 1275370)
  [878/1451] videos  (2.1/min, ETA ~272 min, records 1276873)
  [879/1451] videos  (2.1/min, ETA ~271 min, records 1278376)
  [880/1451] videos  (2.1/min, ETA ~270 min, records 1279879)
  [881/1451] videos  (2.1/min, ETA ~270 min, records 1281382)
  [882/1451] videos  (2.1/min, ETA ~270 min, records 1282885)
  [883/1451] videos  (2.1/min, ETA ~269 min, records 1284388)
  [884/1451] videos  (2.1/min, ETA ~268 min, records 1285891)
  [885/1451] videos  (2.1/min, ETA ~268 min, records 1287394)
  [886/1451] videos  (2.1/min, ETA ~268 min, records 1288897)
  [887/1451] videos  (2.1/min, ETA ~268 min, records 1290400)
  [888/1451] videos  (2.1/min, ETA ~267 min, records 1291903)
  [889/1451] videos  (2.1/min, ETA ~267 min, records 1293407)
  [890/1451] videos  (2.1/min, ETA ~266 min, records 1294910)
  [891/1451] videos  (2.1/min, ETA ~265 min, records 1296414)
  [892/1451] videos  (2.1/min, ETA ~265 min, records 1297918)
  [893/1451] videos  (2.1/min, ETA ~265 min, records 1299422)
  [894/1451] videos  (2.1/min, ETA ~264 min, records 1300926)
  [895/1451] videos  (2.1/min, ETA ~263 min, records 1302430)
  [896/1451] videos  (2.1/min, ETA ~263 min, records 1303934)
  [897/1451] videos  (2.1/min, ETA ~263 min, records 1305438)
  [898/1451] videos  (2.1/min, ETA ~262 min, records 1306942)
  [899/1451] videos  (2.1/min, ETA ~261 min, records 1308446)
  [900/1451] videos  (2.1/min, ETA ~260 min, records 1309950)
  [901/1451] videos  (2.1/min, ETA ~260 min, records 1311454)
  [902/1451] videos  (2.1/min, ETA ~260 min, records 1312958)
  [903/1451] videos  (2.1/min, ETA ~259 min, records 1314462)
  [904/1451] videos  (2.1/min, ETA ~258 min, records 1315966)
  [905/1451] videos  (2.1/min, ETA ~258 min, records 1317470)
  [906/1451] videos  (2.1/min, ETA ~258 min, records 1318973)
  [907/1451] videos  (2.1/min, ETA ~257 min, records 1320476)
  [908/1451] videos  (2.1/min, ETA ~257 min, records 1321979)
  [909/1451] videos  (2.1/min, ETA ~256 min, records 1323482)
  [910/1451] videos  (2.1/min, ETA ~256 min, records 1324985)
  [911/1451] videos  (2.1/min, ETA ~256 min, records 1326488)
  [912/1451] videos  (2.1/min, ETA ~255 min, records 1327991)
  [913/1451] videos  (2.1/min, ETA ~255 min, records 1329494)
  [914/1451] videos  (2.1/min, ETA ~254 min, records 1330997)
  [915/1451] videos  (2.1/min, ETA ~254 min, records 1332500)
  [916/1451] videos  (2.1/min, ETA ~254 min, records 1334003)
  [917/1451] videos  (2.1/min, ETA ~253 min, records 1335506)
  [918/1451] videos  (2.1/min, ETA ~253 min, records 1337009)
  [919/1451] videos  (2.1/min, ETA ~252 min, records 1338513)
  [920/1451] videos  (2.1/min, ETA ~251 min, records 1340017)
  [921/1451] videos  (2.1/min, ETA ~251 min, records 1341521)
  [922/1451] videos  (2.1/min, ETA ~250 min, records 1343025)
  [923/1451] videos  (2.1/min, ETA ~250 min, records 1344529)
  [924/1451] videos  (2.1/min, ETA ~249 min, records 1346033)
  [925/1451] videos  (2.1/min, ETA ~249 min, records 1347537)
  [926/1451] videos  (2.1/min, ETA ~248 min, records 1349041)
  [927/1451] videos  (2.1/min, ETA ~248 min, records 1350545)
  [928/1451] videos  (2.1/min, ETA ~247 min, records 1352049)
  [929/1451] videos  (2.1/min, ETA ~247 min, records 1353553)
  [930/1451] videos  (2.1/min, ETA ~246 min, records 1355057)
  [931/1451] videos  (2.1/min, ETA ~245 min, records 1356561)
  [932/1451] videos  (2.1/min, ETA ~245 min, records 1358065)
  [933/1451] videos  (2.1/min, ETA ~245 min, records 1359569)
  [934/1451] videos  (2.1/min, ETA ~244 min, records 1361073)
  [935/1451] videos  (2.1/min, ETA ~244 min, records 1362576)
  [936/1451] videos  (2.1/min, ETA ~243 min, records 1364079)
  [937/1451] videos  (2.1/min, ETA ~243 min, records 1364221)
  [938/1451] videos  (2.1/min, ETA ~242 min, records 1365724)
  [939/1451] videos  (2.1/min, ETA ~241 min, records 1367227)
  [940/1451] videos  (2.1/min, ETA ~241 min, records 1368730)
  [941/1451] videos  (2.1/min, ETA ~242 min, records 1370233)
  [942/1451] videos  (2.1/min, ETA ~241 min, records 1371736)
  [943/1451] videos  (2.1/min, ETA ~240 min, records 1373239)
  [944/1451] videos  (2.1/min, ETA ~240 min, records 1374742)
  [945/1451] videos  (2.1/min, ETA ~240 min, records 1376245)
  [946/1451] videos  (2.1/min, ETA ~239 min, records 1377748)
  [947/1451] videos  (2.1/min, ETA ~239 min, records 1379251)
  [948/1451] videos  (2.1/min, ETA ~238 min, records 1380754)
  [949/1451] videos  (2.1/min, ETA ~238 min, records 1382258)
  [950/1451] videos  (2.1/min, ETA ~237 min, records 1383762)
  [951/1451] videos  (2.1/min, ETA ~237 min, records 1385265)
  [952/1451] videos  (2.1/min, ETA ~236 min, records 1386768)
  [953/1451] videos  (2.1/min, ETA ~236 min, records 1388272)
  [954/1451] videos  (2.1/min, ETA ~235 min, records 1389776)
  [955/1451] videos  (2.1/min, ETA ~235 min, records 1391280)
  [956/1451] videos  (2.1/min, ETA ~234 min, records 1392784)
  [957/1451] videos  (2.1/min, ETA ~234 min, records 1394288)
  [958/1451] videos  (2.1/min, ETA ~233 min, records 1395792)
  [959/1451] videos  (2.1/min, ETA ~233 min, records 1397296)
  [960/1451] videos  (2.1/min, ETA ~232 min, records 1398800)
  [961/1451] videos  (2.1/min, ETA ~232 min, records 1400304)
  [962/1451] videos  (2.1/min, ETA ~231 min, records 1401808)
  [963/1451] videos  (2.1/min, ETA ~231 min, records 1403312)
  [964/1451] videos  (2.1/min, ETA ~230 min, records 1404816)
  [965/1451] videos  (2.1/min, ETA ~229 min, records 1406320)
  [966/1451] videos  (2.1/min, ETA ~229 min, records 1407824)
  [967/1451] videos  (2.1/min, ETA ~229 min, records 1409328)
  [968/1451] videos  (2.1/min, ETA ~228 min, records 1410832)
  [969/1451] videos  (2.1/min, ETA ~227 min, records 1412336)
  [970/1451] videos  (2.1/min, ETA ~227 min, records 1413840)
  [971/1451] videos  (2.1/min, ETA ~226 min, records 1415344)
  [972/1451] videos  (2.1/min, ETA ~226 min, records 1416848)
  [973/1451] videos  (2.1/min, ETA ~226 min, records 1418351)
  [974/1451] videos  (2.1/min, ETA ~225 min, records 1419854)
  [975/1451] videos  (2.1/min, ETA ~225 min, records 1421357)
  [976/1451] videos  (2.1/min, ETA ~224 min, records 1422860)
  [977/1451] videos  (2.1/min, ETA ~224 min, records 1424363)
  [978/1451] videos  (2.1/min, ETA ~223 min, records 1425866)
  [979/1451] videos  (2.1/min, ETA ~223 min, records 1427369)
  [980/1451] videos  (2.1/min, ETA ~222 min, records 1428872)
  [981/1451] videos  (2.1/min, ETA ~222 min, records 1430375)
  [982/1451] videos  (2.1/min, ETA ~222 min, records 1431878)
  [983/1451] videos  (2.1/min, ETA ~221 min, records 1433381)
  [984/1451] videos  (2.1/min, ETA ~221 min, records 1434884)
  [985/1451] videos  (2.1/min, ETA ~221 min, records 1436387)
  [986/1451] videos  (2.1/min, ETA ~220 min, records 1437891)
  [987/1451] videos  (2.1/min, ETA ~219 min, records 1439394)
  [988/1451] videos  (2.1/min, ETA ~219 min, records 1440898)
  [989/1451] videos  (2.1/min, ETA ~218 min, records 1442402)
  [990/1451] videos  (2.1/min, ETA ~218 min, records 1443906)
  [991/1451] videos  (2.1/min, ETA ~217 min, records 1445410)
  [992/1451] videos  (2.1/min, ETA ~217 min, records 1446914)
  [993/1451] videos  (2.1/min, ETA ~216 min, records 1448418)
  [994/1451] videos  (2.1/min, ETA ~216 min, records 1449922)
  [995/1451] videos  (2.1/min, ETA ~215 min, records 1451426)
  [996/1451] videos  (2.1/min, ETA ~215 min, records 1452930)
  [997/1451] videos  (2.1/min, ETA ~214 min, records 1454434)
  [998/1451] videos  (2.1/min, ETA ~214 min, records 1455938)
  [999/1451] videos  (2.1/min, ETA ~213 min, records 1457442)
  [1000/1451] videos  (2.1/min, ETA ~212 min, records 1458946)
  [1001/1451] videos  (2.1/min, ETA ~212 min, records 1460449)
  [1002/1451] videos  (2.1/min, ETA ~212 min, records 1461952)
  [1003/1451] videos  (2.1/min, ETA ~211 min, records 1463455)
  [1004/1451] videos  (2.1/min, ETA ~211 min, records 1464958)
  [1005/1451] videos  (2.1/min, ETA ~210 min, records 1466461)
  [1006/1451] videos  (2.1/min, ETA ~210 min, records 1467964)
  [1007/1451] videos  (2.1/min, ETA ~210 min, records 1469467)
  [1008/1451] videos  (2.1/min, ETA ~209 min, records 1470970)
  [1009/1451] videos  (2.1/min, ETA ~209 min, records 1472473)
  [1010/1451] videos  (2.1/min, ETA ~209 min, records 1473976)
  [1011/1451] videos  (2.1/min, ETA ~208 min, records 1475479)
  [1012/1451] videos  (2.1/min, ETA ~207 min, records 1476982)
  [1013/1451] videos  (2.1/min, ETA ~207 min, records 1478485)
  [1014/1451] videos  (2.1/min, ETA ~207 min, records 1479989)
  [1015/1451] videos  (2.1/min, ETA ~206 min, records 1481492)
  [1016/1451] videos  (2.1/min, ETA ~206 min, records 1482996)
  [1017/1451] videos  (2.1/min, ETA ~205 min, records 1484499)
  [1018/1451] videos  (2.1/min, ETA ~204 min, records 1486003)
  [1019/1451] videos  (2.1/min, ETA ~204 min, records 1487507)
  [1020/1451] videos  (2.1/min, ETA ~204 min, records 1489011)
  [1021/1451] videos  (2.1/min, ETA ~203 min, records 1490515)
  [1022/1451] videos  (2.1/min, ETA ~202 min, records 1492019)
  [1023/1451] videos  (2.1/min, ETA ~202 min, records 1493523)
  [1024/1451] videos  (2.1/min, ETA ~201 min, records 1495027)
  [1025/1451] videos  (2.1/min, ETA ~201 min, records 1496531)
  [1026/1451] videos  (2.1/min, ETA ~200 min, records 1498035)
  [1027/1451] videos  (2.1/min, ETA ~200 min, records 1499539)
  [1028/1451] videos  (2.1/min, ETA ~199 min, records 1501043)
  [1029/1451] videos  (2.1/min, ETA ~199 min, records 1502547)
  [1030/1451] videos  (2.1/min, ETA ~198 min, records 1504050)
  [1031/1451] videos  (2.1/min, ETA ~198 min, records 1505553)
  [1032/1451] videos  (2.1/min, ETA ~198 min, records 1507056)
  [1033/1451] videos  (2.1/min, ETA ~197 min, records 1508559)
  [1034/1451] videos  (2.1/min, ETA ~197 min, records 1510062)
  [1035/1451] videos  (2.1/min, ETA ~196 min, records 1511565)
  [1036/1451] videos  (2.1/min, ETA ~196 min, records 1512135)
  [1037/1451] videos  (2.1/min, ETA ~195 min, records 1513638)
  [1038/1451] videos  (2.1/min, ETA ~195 min, records 1515141)
  [1039/1451] videos  (2.1/min, ETA ~195 min, records 1516645)
  [1040/1451] videos  (2.1/min, ETA ~194 min, records 1518149)
  [1041/1451] videos  (2.1/min, ETA ~194 min, records 1519652)
  [1042/1451] videos  (2.1/min, ETA ~193 min, records 1521156)
  [1043/1451] videos  (2.1/min, ETA ~192 min, records 1522660)
  [1044/1451] videos  (2.1/min, ETA ~192 min, records 1524163)
  [1045/1451] videos  (2.1/min, ETA ~191 min, records 1525667)
  [1046/1451] videos  (2.1/min, ETA ~191 min, records 1527171)
  [1047/1451] videos  (2.1/min, ETA ~190 min, records 1528675)
  [1048/1451] videos  (2.1/min, ETA ~190 min, records 1530179)
  [1049/1451] videos  (2.1/min, ETA ~189 min, records 1531683)
  [1050/1451] videos  (2.1/min, ETA ~189 min, records 1533187)
  [1051/1451] videos  (2.1/min, ETA ~188 min, records 1534691)
  [1052/1451] videos  (2.1/min, ETA ~188 min, records 1536195)
  [1053/1451] videos  (2.1/min, ETA ~187 min, records 1537699)
  [1054/1451] videos  (2.1/min, ETA ~187 min, records 1539203)
  [1055/1451] videos  (2.1/min, ETA ~186 min, records 1540707)
  [1056/1451] videos  (2.1/min, ETA ~186 min, records 1542211)
  [1057/1451] videos  (2.1/min, ETA ~185 min, records 1543715)
  [1058/1451] videos  (2.1/min, ETA ~185 min, records 1545219)
  [1059/1451] videos  (2.1/min, ETA ~184 min, records 1546723)
  [1060/1451] videos  (2.1/min, ETA ~184 min, records 1548227)
  [1061/1451] videos  (2.1/min, ETA ~183 min, records 1549731)
  [1062/1451] videos  (2.1/min, ETA ~183 min, records 1551235)
  [1063/1451] videos  (2.1/min, ETA ~182 min, records 1552739)
  [1064/1451] videos  (2.1/min, ETA ~182 min, records 1554243)
  [1065/1451] videos  (2.1/min, ETA ~181 min, records 1555746)
  [1066/1451] videos  (2.1/min, ETA ~181 min, records 1557249)
  [1067/1451] videos  (2.1/min, ETA ~181 min, records 1558752)
  [1068/1451] videos  (2.1/min, ETA ~180 min, records 1558916)
  [1069/1451] videos  (2.1/min, ETA ~180 min, records 1560419)
  [1070/1451] videos  (2.1/min, ETA ~179 min, records 1561922)
  [1071/1451] videos  (2.1/min, ETA ~179 min, records 1563425)
  [1072/1451] videos  (2.1/min, ETA ~178 min, records 1564928)
  [1073/1451] videos  (2.1/min, ETA ~178 min, records 1566431)
  [1074/1451] videos  (2.1/min, ETA ~177 min, records 1567934)
  [1075/1451] videos  (2.1/min, ETA ~177 min, records 1569437)
  [1076/1451] videos  (2.1/min, ETA ~177 min, records 1570940)
  [1077/1451] videos  (2.1/min, ETA ~176 min, records 1572443)
  [1078/1451] videos  (2.1/min, ETA ~176 min, records 1573946)
  [1079/1451] videos  (2.1/min, ETA ~175 min, records 1575449)
  [1080/1451] videos  (2.1/min, ETA ~175 min, records 1576953)
  [1081/1451] videos  (2.1/min, ETA ~174 min, records 1578457)
  [1082/1451] videos  (2.1/min, ETA ~174 min, records 1579960)
  [1083/1451] videos  (2.1/min, ETA ~173 min, records 1581464)
  [1084/1451] videos  (2.1/min, ETA ~173 min, records 1582968)
  [1085/1451] videos  (2.1/min, ETA ~172 min, records 1584472)
  [1086/1451] videos  (2.1/min, ETA ~171 min, records 1585976)
  [1087/1451] videos  (2.1/min, ETA ~171 min, records 1587480)
  [1088/1451] videos  (2.1/min, ETA ~171 min, records 1588984)
  [1089/1451] videos  (2.1/min, ETA ~170 min, records 1590488)
  [1090/1451] videos  (2.1/min, ETA ~170 min, records 1591992)
  [1091/1451] videos  (2.1/min, ETA ~169 min, records 1593495)
  [1092/1451] videos  (2.1/min, ETA ~169 min, records 1594998)
  [1093/1451] videos  (2.1/min, ETA ~168 min, records 1596502)
  [1094/1451] videos  (2.1/min, ETA ~168 min, records 1598005)
  [1095/1451] videos  (2.1/min, ETA ~167 min, records 1599509)
  [1096/1451] videos  (2.1/min, ETA ~167 min, records 1601012)
  [1097/1451] videos  (2.1/min, ETA ~167 min, records 1602515)
  [1098/1451] videos  (2.1/min, ETA ~166 min, records 1604018)
  [1099/1451] videos  (2.1/min, ETA ~165 min, records 1605521)
  [1100/1451] videos  (2.1/min, ETA ~165 min, records 1607024)
  [1101/1451] videos  (2.1/min, ETA ~165 min, records 1608301)
  [1102/1451] videos  (2.1/min, ETA ~164 min, records 1609804)
  [1103/1451] videos  (2.1/min, ETA ~164 min, records 1611307)
  [1104/1451] videos  (2.1/min, ETA ~163 min, records 1612811)
  [1105/1451] videos  (2.1/min, ETA ~163 min, records 1614315)
  [1106/1451] videos  (2.1/min, ETA ~162 min, records 1615819)
  [1107/1451] videos  (2.1/min, ETA ~162 min, records 1617322)
  [1108/1451] videos  (2.1/min, ETA ~161 min, records 1618826)
  [1109/1451] videos  (2.1/min, ETA ~161 min, records 1620330)
  [1110/1451] videos  (2.1/min, ETA ~160 min, records 1621834)
  [1111/1451] videos  (2.1/min, ETA ~160 min, records 1623338)
  [1112/1451] videos  (2.1/min, ETA ~159 min, records 1624842)
  [1113/1451] videos  (2.1/min, ETA ~159 min, records 1626346)
  [1114/1451] videos  (2.1/min, ETA ~158 min, records 1627850)
  [1115/1451] videos  (2.1/min, ETA ~158 min, records 1629354)
  [1116/1451] videos  (2.1/min, ETA ~157 min, records 1630858)
  [1117/1451] videos  (2.1/min, ETA ~157 min, records 1632362)
  [1118/1451] videos  (2.1/min, ETA ~156 min, records 1633866)
  [1119/1451] videos  (2.1/min, ETA ~156 min, records 1635370)
  [1120/1451] videos  (2.1/min, ETA ~155 min, records 1636874)
  [1121/1451] videos  (2.1/min, ETA ~155 min, records 1638377)
  [1122/1451] videos  (2.1/min, ETA ~155 min, records 1639880)
  [1123/1451] videos  (2.1/min, ETA ~154 min, records 1641383)
  [1124/1451] videos  (2.1/min, ETA ~153 min, records 1642886)
  [1125/1451] videos  (2.1/min, ETA ~153 min, records 1644389)
  [1126/1451] videos  (2.1/min, ETA ~153 min, records 1645892)
  [1127/1451] videos  (2.1/min, ETA ~152 min, records 1647395)
  [1128/1451] videos  (2.1/min, ETA ~152 min, records 1648898)
  [1129/1451] videos  (2.1/min, ETA ~151 min, records 1650401)
  [1130/1451] videos  (2.1/min, ETA ~151 min, records 1651904)
  [1131/1451] videos  (2.1/min, ETA ~151 min, records 1653407)
  [1132/1451] videos  (2.1/min, ETA ~150 min, records 1654910)
  [1133/1451] videos  (2.1/min, ETA ~149 min, records 1656413)
  [1134/1451] videos  (2.1/min, ETA ~149 min, records 1657917)
  [1135/1451] videos  (2.1/min, ETA ~149 min, records 1659421)
  [1136/1451] videos  (2.1/min, ETA ~148 min, records 1660925)
  [1137/1451] videos  (2.1/min, ETA ~147 min, records 1662429)
  [1138/1451] videos  (2.1/min, ETA ~147 min, records 1663933)
  [1139/1451] videos  (2.1/min, ETA ~147 min, records 1665437)
  [1140/1451] videos  (2.1/min, ETA ~146 min, records 1666941)
  [1141/1451] videos  (2.1/min, ETA ~145 min, records 1668445)
  [1142/1451] videos  (2.1/min, ETA ~145 min, records 1669949)
  [1143/1451] videos  (2.1/min, ETA ~145 min, records 1671453)
  [1144/1451] videos  (2.1/min, ETA ~144 min, records 1672957)
  [1145/1451] videos  (2.1/min, ETA ~144 min, records 1674461)
  [1146/1451] videos  (2.1/min, ETA ~143 min, records 1675965)
  [1147/1451] videos  (2.1/min, ETA ~143 min, records 1677469)
  [1148/1451] videos  (2.1/min, ETA ~142 min, records 1678973)
  [1149/1451] videos  (2.1/min, ETA ~142 min, records 1680477)
  [1150/1451] videos  (2.1/min, ETA ~141 min, records 1681980)
  [1151/1451] videos  (2.1/min, ETA ~141 min, records 1683483)
  [1152/1451] videos  (2.1/min, ETA ~140 min, records 1684986)
  [1153/1451] videos  (2.1/min, ETA ~140 min, records 1686489)
  [1154/1451] videos  (2.1/min, ETA ~139 min, records 1687992)
  [1155/1451] videos  (2.1/min, ETA ~139 min, records 1689495)
  [1156/1451] videos  (2.1/min, ETA ~139 min, records 1690998)
  [1157/1451] videos  (2.1/min, ETA ~138 min, records 1692501)
  [1158/1451] videos  (2.1/min, ETA ~138 min, records 1694004)
  [1159/1451] videos  (2.1/min, ETA ~137 min, records 1695507)
  [1160/1451] videos  (2.1/min, ETA ~137 min, records 1697011)
  [1161/1451] videos  (2.1/min, ETA ~136 min, records 1698514)
  [1162/1451] videos  (2.1/min, ETA ~136 min, records 1700017)
  [1163/1451] videos  (2.1/min, ETA ~135 min, records 1701521)
  [1164/1451] videos  (2.1/min, ETA ~135 min, records 1703025)
  [1165/1451] videos  (2.1/min, ETA ~134 min, records 1704529)
  [1166/1451] videos  (2.1/min, ETA ~134 min, records 1706033)
  [1167/1451] videos  (2.1/min, ETA ~133 min, records 1707537)
  [1168/1451] videos  (2.1/min, ETA ~133 min, records 1709041)
  [1169/1451] videos  (2.1/min, ETA ~132 min, records 1710545)
  [1170/1451] videos  (2.1/min, ETA ~132 min, records 1712049)
  [1171/1451] videos  (2.1/min, ETA ~131 min, records 1713553)
  [1172/1451] videos  (2.1/min, ETA ~131 min, records 1715057)
  [1173/1451] videos  (2.1/min, ETA ~131 min, records 1716561)
  [1174/1451] videos  (2.1/min, ETA ~130 min, records 1718065)
  [1175/1451] videos  (2.1/min, ETA ~129 min, records 1719569)
  [1176/1451] videos  (2.1/min, ETA ~129 min, records 1721073)
  [1177/1451] videos  (2.1/min, ETA ~129 min, records 1722577)
  [1178/1451] videos  (2.1/min, ETA ~128 min, records 1724081)
  [1179/1451] videos  (2.1/min, ETA ~127 min, records 1725585)
  [1180/1451] videos  (2.1/min, ETA ~127 min, records 1727089)
  [1181/1451] videos  (2.1/min, ETA ~127 min, records 1728593)
  [1182/1451] videos  (2.1/min, ETA ~126 min, records 1730097)
  [1183/1451] videos  (2.1/min, ETA ~125 min, records 1731601)
  [1184/1451] videos  (2.1/min, ETA ~125 min, records 1733105)
  [1185/1451] videos  (2.1/min, ETA ~125 min, records 1734608)
  [1186/1451] videos  (2.1/min, ETA ~124 min, records 1736111)
  [1187/1451] videos  (2.1/min, ETA ~124 min, records 1737614)
  [1188/1451] videos  (2.1/min, ETA ~123 min, records 1739117)
  [1189/1451] videos  (2.1/min, ETA ~123 min, records 1740620)
  [1190/1451] videos  (2.1/min, ETA ~122 min, records 1742123)
  [1191/1451] videos  (2.1/min, ETA ~122 min, records 1743626)
  [1192/1451] videos  (2.1/min, ETA ~121 min, records 1745129)
  [1193/1451] videos  (2.1/min, ETA ~121 min, records 1746632)
  [1194/1451] videos  (2.1/min, ETA ~121 min, records 1748135)
  [1195/1451] videos  (2.1/min, ETA ~120 min, records 1749638)
  [1196/1451] videos  (2.1/min, ETA ~120 min, records 1751141)
  [1197/1451] videos  (2.1/min, ETA ~119 min, records 1752645)
  [1198/1451] videos  (2.1/min, ETA ~119 min, records 1754149)
  [1199/1451] videos  (2.1/min, ETA ~118 min, records 1755653)
  [1200/1451] videos  (2.1/min, ETA ~118 min, records 1757157)
  [1201/1451] videos  (2.1/min, ETA ~117 min, records 1758661)
  [1202/1451] videos  (2.1/min, ETA ~117 min, records 1760165)
  [1203/1451] videos  (2.1/min, ETA ~116 min, records 1761669)
  [1204/1451] videos  (2.1/min, ETA ~116 min, records 1763173)
  [1205/1451] videos  (2.1/min, ETA ~115 min, records 1764677)
  [1206/1451] videos  (2.1/min, ETA ~115 min, records 1766181)
  [1207/1451] videos  (2.1/min, ETA ~114 min, records 1767685)
  [1208/1451] videos  (2.1/min, ETA ~114 min, records 1769189)
  [1209/1451] videos  (2.1/min, ETA ~113 min, records 1770693)
  [1210/1451] videos  (2.1/min, ETA ~113 min, records 1772197)
  [1211/1451] videos  (2.1/min, ETA ~112 min, records 1773701)
  [1212/1451] videos  (2.1/min, ETA ~112 min, records 1775204)
  [1213/1451] videos  (2.1/min, ETA ~111 min, records 1776707)
  [1214/1451] videos  (2.1/min, ETA ~111 min, records 1778210)
  [1215/1451] videos  (2.1/min, ETA ~110 min, records 1779713)
  [1216/1451] videos  (2.1/min, ETA ~110 min, records 1781216)
  [1217/1451] videos  (2.1/min, ETA ~110 min, records 1782719)
  [1218/1451] videos  (2.1/min, ETA ~109 min, records 1784222)
  [1219/1451] videos  (2.1/min, ETA ~109 min, records 1785725)
  [1220/1451] videos  (2.1/min, ETA ~108 min, records 1787228)
  [1221/1451] videos  (2.1/min, ETA ~108 min, records 1788731)
  [1222/1451] videos  (2.1/min, ETA ~107 min, records 1790234)
  [1223/1451] videos  (2.1/min, ETA ~107 min, records 1791737)
  [1224/1451] videos  (2.1/min, ETA ~106 min, records 1793240)
  [1225/1451] videos  (2.1/min, ETA ~106 min, records 1794744)
  [1226/1451] videos  (2.1/min, ETA ~105 min, records 1796248)
  [1227/1451] videos  (2.1/min, ETA ~105 min, records 1797752)
  [1228/1451] videos  (2.1/min, ETA ~104 min, records 1799256)
  [1229/1451] videos  (2.1/min, ETA ~104 min, records 1800760)
  [1230/1451] videos  (2.1/min, ETA ~103 min, records 1802264)
  [1231/1451] videos  (2.1/min, ETA ~103 min, records 1803768)
  [1232/1451] videos  (2.1/min, ETA ~103 min, records 1805272)
  [1233/1451] videos  (2.1/min, ETA ~102 min, records 1806776)
  [1234/1451] videos  (2.1/min, ETA ~102 min, records 1808280)
  [1235/1451] videos  (2.1/min, ETA ~101 min, records 1809784)
  [1236/1451] videos  (2.1/min, ETA ~101 min, records 1811288)
  [1237/1451] videos  (2.1/min, ETA ~100 min, records 1812792)
  [1238/1451] videos  (2.1/min, ETA ~100 min, records 1814296)
  [1239/1451] videos  (2.1/min, ETA ~99 min, records 1815799)
  [1240/1451] videos  (2.1/min, ETA ~99 min, records 1817302)
  [1241/1451] videos  (2.1/min, ETA ~98 min, records 1818805)
  [1242/1451] videos  (2.1/min, ETA ~98 min, records 1820308)
  [1243/1451] videos  (2.1/min, ETA ~97 min, records 1821811)
  [1244/1451] videos  (2.1/min, ETA ~97 min, records 1823314)
  [1245/1451] videos  (2.1/min, ETA ~97 min, records 1824817)
  [1246/1451] videos  (2.1/min, ETA ~96 min, records 1826320)
  [1247/1451] videos  (2.1/min, ETA ~96 min, records 1827823)
  [1248/1451] videos  (2.1/min, ETA ~95 min, records 1829326)
  [1249/1451] videos  (2.1/min, ETA ~95 min, records 1830829)
  [1250/1451] videos  (2.1/min, ETA ~94 min, records 1832332)
  [1251/1451] videos  (2.1/min, ETA ~94 min, records 1833835)
  [1252/1451] videos  (2.1/min, ETA ~93 min, records 1835339)
  [1253/1451] videos  (2.1/min, ETA ~93 min, records 1836843)
  [1254/1451] videos  (2.1/min, ETA ~92 min, records 1838347)
  [1255/1451] videos  (2.1/min, ETA ~92 min, records 1838349)
  [1256/1451] videos  (2.1/min, ETA ~91 min, records 1839852)
  [1257/1451] videos  (2.1/min, ETA ~91 min, records 1841355)
  [1258/1451] videos  (2.1/min, ETA ~90 min, records 1842858)
  [1259/1451] videos  (2.1/min, ETA ~90 min, records 1844361)
  [1260/1451] videos  (2.1/min, ETA ~90 min, records 1845865)
  [1261/1451] videos  (2.1/min, ETA ~89 min, records 1847369)
  [1262/1451] videos  (2.1/min, ETA ~89 min, records 1848873)
  [1263/1451] videos  (2.1/min, ETA ~88 min, records 1850376)
  [1264/1451] videos  (2.1/min, ETA ~88 min, records 1851879)
  [1265/1451] videos  (2.1/min, ETA ~87 min, records 1853383)
  [1266/1451] videos  (2.1/min, ETA ~87 min, records 1854887)
  [1267/1451] videos  (2.1/min, ETA ~86 min, records 1856390)
  [1268/1451] videos  (2.1/min, ETA ~86 min, records 1857894)
  [1269/1451] videos  (2.1/min, ETA ~85 min, records 1859397)
  [1270/1451] videos  (2.1/min, ETA ~85 min, records 1860901)
  [1271/1451] videos  (2.1/min, ETA ~84 min, records 1862404)
  [1272/1451] videos  (2.1/min, ETA ~84 min, records 1863907)
  [1273/1451] videos  (2.1/min, ETA ~83 min, records 1865411)
  [1274/1451] videos  (2.1/min, ETA ~83 min, records 1866915)
  [1275/1451] videos  (2.1/min, ETA ~82 min, records 1868418)
  [1276/1451] videos  (2.1/min, ETA ~82 min, records 1869921)
  [1277/1451] videos  (2.1/min, ETA ~81 min, records 1871425)
  [1278/1451] videos  (2.1/min, ETA ~81 min, records 1872929)
  [1279/1451] videos  (2.1/min, ETA ~81 min, records 1874433)
  [1280/1451] videos  (2.1/min, ETA ~80 min, records 1875936)
  [1281/1451] videos  (2.1/min, ETA ~80 min, records 1877440)
  [1282/1451] videos  (2.1/min, ETA ~79 min, records 1878943)
  [1283/1451] videos  (2.1/min, ETA ~79 min, records 1880446)
  [1284/1451] videos  (2.1/min, ETA ~78 min, records 1881950)
  [1285/1451] videos  (2.1/min, ETA ~78 min, records 1883454)
  [1286/1451] videos  (2.1/min, ETA ~77 min, records 1884957)
  [1287/1451] videos  (2.1/min, ETA ~77 min, records 1886460)
  [1288/1451] videos  (2.1/min, ETA ~76 min, records 1887964)
  [1289/1451] videos  (2.1/min, ETA ~76 min, records 1889467)
  [1290/1451] videos  (2.1/min, ETA ~75 min, records 1890970)
  [1291/1451] videos  (2.1/min, ETA ~75 min, records 1892473)
  [1292/1451] videos  (2.1/min, ETA ~74 min, records 1893976)
  [1293/1451] videos  (2.1/min, ETA ~74 min, records 1895479)
  [1294/1451] videos  (2.1/min, ETA ~74 min, records 1896983)
  [1295/1451] videos  (2.1/min, ETA ~73 min, records 1898486)
  [1296/1451] videos  (2.1/min, ETA ~73 min, records 1899990)
  [1297/1451] videos  (2.1/min, ETA ~72 min, records 1901493)
  [1298/1451] videos  (2.1/min, ETA ~72 min, records 1902997)
  [1299/1451] videos  (2.1/min, ETA ~71 min, records 1904501)
  [1300/1451] videos  (2.1/min, ETA ~71 min, records 1906005)
  [1301/1451] videos  (2.1/min, ETA ~70 min, records 1907509)
  [1302/1451] videos  (2.1/min, ETA ~70 min, records 1909013)
  [1303/1451] videos  (2.1/min, ETA ~69 min, records 1910517)
  [1304/1451] videos  (2.1/min, ETA ~69 min, records 1912021)
  [1305/1451] videos  (2.1/min, ETA ~68 min, records 1913525)
  [1306/1451] videos  (2.1/min, ETA ~68 min, records 1915029)
  [1307/1451] videos  (2.1/min, ETA ~67 min, records 1916533)
  [1308/1451] videos  (2.1/min, ETA ~67 min, records 1918037)
  [1309/1451] videos  (2.1/min, ETA ~66 min, records 1919541)
  [1310/1451] videos  (2.1/min, ETA ~66 min, records 1921045)
  [1311/1451] videos  (2.1/min, ETA ~65 min, records 1922549)
  [1312/1451] videos  (2.1/min, ETA ~65 min, records 1924052)
  [1313/1451] videos  (2.1/min, ETA ~65 min, records 1925555)
  [1314/1451] videos  (2.1/min, ETA ~64 min, records 1927058)
  [1315/1451] videos  (2.1/min, ETA ~64 min, records 1928561)
  [1316/1451] videos  (2.1/min, ETA ~63 min, records 1930064)
  [1317/1451] videos  (2.1/min, ETA ~63 min, records 1931567)
  [1318/1451] videos  (2.1/min, ETA ~62 min, records 1933070)
  [1319/1451] videos  (2.1/min, ETA ~62 min, records 1934573)
  [1320/1451] videos  (2.1/min, ETA ~61 min, records 1936076)
  [1321/1451] videos  (2.1/min, ETA ~61 min, records 1936241)
  [1322/1451] videos  (2.1/min, ETA ~60 min, records 1937744)
  [1323/1451] videos  (2.1/min, ETA ~60 min, records 1939247)
  [1324/1451] videos  (2.1/min, ETA ~59 min, records 1940750)
  [1325/1451] videos  (2.1/min, ETA ~59 min, records 1942254)
  [1326/1451] videos  (2.1/min, ETA ~58 min, records 1943758)
  [1327/1451] videos  (2.1/min, ETA ~58 min, records 1945262)
  [1328/1451] videos  (2.1/min, ETA ~57 min, records 1946766)
  [1329/1451] videos  (2.1/min, ETA ~57 min, records 1948270)
  [1330/1451] videos  (2.1/min, ETA ~57 min, records 1949774)
  [1331/1451] videos  (2.1/min, ETA ~56 min, records 1951278)
  [1332/1451] videos  (2.1/min, ETA ~56 min, records 1952782)
  [1333/1451] videos  (2.1/min, ETA ~55 min, records 1954285)
  [1334/1451] videos  (2.1/min, ETA ~55 min, records 1955788)
  [1335/1451] videos  (2.1/min, ETA ~54 min, records 1957291)
  [1336/1451] videos  (2.1/min, ETA ~54 min, records 1958794)
  [1337/1451] videos  (2.1/min, ETA ~53 min, records 1960297)
  [1338/1451] videos  (2.1/min, ETA ~53 min, records 1961800)
  [1339/1451] videos  (2.1/min, ETA ~52 min, records 1963303)
  [1340/1451] videos  (2.1/min, ETA ~52 min, records 1964806)
  [1341/1451] videos  (2.1/min, ETA ~52 min, records 1966309)
  [1342/1451] videos  (2.1/min, ETA ~51 min, records 1967812)
  [1343/1451] videos  (2.1/min, ETA ~51 min, records 1969315)
  [1344/1451] videos  (2.1/min, ETA ~50 min, records 1970818)
  [1345/1451] videos  (2.1/min, ETA ~50 min, records 1972321)
  [1346/1451] videos  (2.1/min, ETA ~49 min, records 1973825)
  [1347/1451] videos  (2.1/min, ETA ~49 min, records 1975329)
  [1348/1451] videos  (2.1/min, ETA ~48 min, records 1976833)
  [1349/1451] videos  (2.1/min, ETA ~48 min, records 1978337)
  [1350/1451] videos  (2.1/min, ETA ~47 min, records 1979841)
  [1351/1451] videos  (2.1/min, ETA ~47 min, records 1981345)
  [1352/1451] videos  (2.1/min, ETA ~46 min, records 1982849)
  [1353/1451] videos  (2.1/min, ETA ~46 min, records 1984353)
  [1354/1451] videos  (2.1/min, ETA ~45 min, records 1985857)
  [1355/1451] videos  (2.1/min, ETA ~45 min, records 1987361)
  [1356/1451] videos  (2.1/min, ETA ~44 min, records 1988865)
  [1357/1451] videos  (2.1/min, ETA ~44 min, records 1990369)
  [1358/1451] videos  (2.1/min, ETA ~43 min, records 1991873)
  [1359/1451] videos  (2.1/min, ETA ~43 min, records 1993377)
  [1360/1451] videos  (2.1/min, ETA ~42 min, records 1994881)
  [1361/1451] videos  (2.1/min, ETA ~42 min, records 1996385)
  [1362/1451] videos  (2.1/min, ETA ~42 min, records 1997888)
  [1363/1451] videos  (2.1/min, ETA ~41 min, records 1999391)
  [1364/1451] videos  (2.1/min, ETA ~41 min, records 2000894)
  [1365/1451] videos  (2.1/min, ETA ~40 min, records 2001651)
  [1366/1451] videos  (2.1/min, ETA ~40 min, records 2003154)
  [1367/1451] videos  (2.1/min, ETA ~39 min, records 2003303)
  [1368/1451] videos  (2.1/min, ETA ~39 min, records 2004806)
  [1369/1451] videos  (2.1/min, ETA ~38 min, records 2005411)
  [1370/1451] videos  (2.1/min, ETA ~38 min, records 2006914)
  [1371/1451] videos  (2.1/min, ETA ~37 min, records 2008417)
  [1372/1451] videos  (2.1/min, ETA ~37 min, records 2009921)
  [1373/1451] videos  (2.1/min, ETA ~37 min, records 2011425)
  [1374/1451] videos  (2.1/min, ETA ~36 min, records 2012928)
  [1375/1451] videos  (2.1/min, ETA ~36 min, records 2014432)
  [1376/1451] videos  (2.1/min, ETA ~35 min, records 2015936)
  [1377/1451] videos  (2.1/min, ETA ~35 min, records 2017440)
  [1378/1451] videos  (2.1/min, ETA ~34 min, records 2018944)
  [1379/1451] videos  (2.1/min, ETA ~34 min, records 2020447)
  [1380/1451] videos  (2.1/min, ETA ~33 min, records 2021951)
  [1381/1451] videos  (2.1/min, ETA ~33 min, records 2023455)
  [1382/1451] videos  (2.1/min, ETA ~32 min, records 2024959)
  [1383/1451] videos  (2.1/min, ETA ~32 min, records 2026463)
  [1384/1451] videos  (2.1/min, ETA ~31 min, records 2027967)
  [1385/1451] videos  (2.1/min, ETA ~31 min, records 2029471)
  [1386/1451] videos  (2.1/min, ETA ~30 min, records 2030975)
  [1387/1451] videos  (2.1/min, ETA ~30 min, records 2032478)
  [1388/1451] videos  (2.1/min, ETA ~29 min, records 2033981)
  [1389/1451] videos  (2.1/min, ETA ~29 min, records 2035484)
  [1390/1451] videos  (2.1/min, ETA ~29 min, records 2036987)
  [1391/1451] videos  (2.1/min, ETA ~28 min, records 2038490)
  [1392/1451] videos  (2.1/min, ETA ~28 min, records 2039993)
  [1393/1451] videos  (2.1/min, ETA ~27 min, records 2041496)
  [1394/1451] videos  (2.1/min, ETA ~27 min, records 2042999)
  [1395/1451] videos  (2.1/min, ETA ~26 min, records 2044502)
  [1396/1451] videos  (2.1/min, ETA ~26 min, records 2046005)
  [1397/1451] videos  (2.1/min, ETA ~25 min, records 2047508)
  [1398/1451] videos  (2.1/min, ETA ~25 min, records 2049011)
  [1399/1451] videos  (2.1/min, ETA ~24 min, records 2050514)
  [1400/1451] videos  (2.1/min, ETA ~24 min, records 2052018)
  [1401/1451] videos  (2.1/min, ETA ~23 min, records 2053521)
  [1402/1451] videos  (2.1/min, ETA ~23 min, records 2055025)
  [1403/1451] videos  (2.1/min, ETA ~22 min, records 2056528)
  [1404/1451] videos  (2.1/min, ETA ~22 min, records 2058032)
  [1405/1451] videos  (2.1/min, ETA ~22 min, records 2059536)
  [1406/1451] videos  (2.1/min, ETA ~21 min, records 2061040)
  [1407/1451] videos  (2.1/min, ETA ~21 min, records 2062544)
  [1408/1451] videos  (2.1/min, ETA ~20 min, records 2064048)
  [1409/1451] videos  (2.1/min, ETA ~20 min, records 2065552)
  [1410/1451] videos  (2.1/min, ETA ~19 min, records 2067056)
  [1411/1451] videos  (2.1/min, ETA ~19 min, records 2068560)
  [1412/1451] videos  (2.1/min, ETA ~18 min, records 2070064)
  [1413/1451] videos  (2.1/min, ETA ~18 min, records 2071568)
  [1414/1451] videos  (2.1/min, ETA ~17 min, records 2073072)
  [1415/1451] videos  (2.1/min, ETA ~17 min, records 2074576)
  [1416/1451] videos  (2.1/min, ETA ~16 min, records 2076079)
  [1417/1451] videos  (2.1/min, ETA ~16 min, records 2077582)
  [1418/1451] videos  (2.1/min, ETA ~15 min, records 2079085)
  [1419/1451] videos  (2.1/min, ETA ~15 min, records 2080588)
  [1420/1451] videos  (2.1/min, ETA ~15 min, records 2082091)
  [1421/1451] videos  (2.1/min, ETA ~14 min, records 2083594)
  [1422/1451] videos  (2.1/min, ETA ~14 min, records 2085097)
  [1423/1451] videos  (2.1/min, ETA ~13 min, records 2086600)
  [1424/1451] videos  (2.1/min, ETA ~13 min, records 2088103)
  [1425/1451] videos  (2.1/min, ETA ~12 min, records 2089606)
  [1426/1451] videos  (2.1/min, ETA ~12 min, records 2091109)
  [1427/1451] videos  (2.1/min, ETA ~11 min, records 2092612)
  [1428/1451] videos  (2.1/min, ETA ~11 min, records 2094116)
  [1429/1451] videos  (2.1/min, ETA ~10 min, records 2095619)
  [1430/1451] videos  (2.1/min, ETA ~10 min, records 2097122)
  [1431/1451] videos  (2.1/min, ETA ~9 min, records 2098625)
  [1432/1451] videos  (2.1/min, ETA ~9 min, records 2100129)
  [1433/1451] videos  (2.1/min, ETA ~8 min, records 2101633)
  [1434/1451] videos  (2.1/min, ETA ~8 min, records 2103137)
  [1435/1451] videos  (2.1/min, ETA ~7 min, records 2104641)
  [1436/1451] videos  (2.1/min, ETA ~7 min, records 2106145)
  [1437/1451] videos  (2.1/min, ETA ~7 min, records 2107649)
  [1438/1451] videos  (2.1/min, ETA ~6 min, records 2109153)
  [1439/1451] videos  (2.1/min, ETA ~6 min, records 2110657)
  [1440/1451] videos  (2.1/min, ETA ~5 min, records 2112161)
  [1441/1451] videos  (2.1/min, ETA ~5 min, records 2113665)
  [1442/1451] videos  (2.1/min, ETA ~4 min, records 2115169)
  [1443/1451] videos  (2.1/min, ETA ~4 min, records 2116673)
  [1444/1451] videos  (2.1/min, ETA ~3 min, records 2118176)
  [1445/1451] videos  (2.1/min, ETA ~3 min, records 2119679)
  [1446/1451] videos  (2.1/min, ETA ~2 min, records 2121182)
  [1447/1451] videos  (2.1/min, ETA ~2 min, records 2122685)
  [1448/1451] videos  (2.1/min, ETA ~1 min, records 2124188)
  [1449/1451] videos  (2.1/min, ETA ~1 min, records 2125691)
  [1450/1451] videos  (2.1/min, ETA ~0 min, records 2127025)
  [1451/1451] videos  (2.1/min, ETA ~0 min, records 2128528)
[write] features/rich_video_optical_features/video_rich_features_hourly_Room6.csv  (1061 hours x 69 cols, 2025-07-03 14:00:00 -> 2025-08-31 13:00:00)
