2026-07-10 17:30:43,210 INFO START room=Room 2 month=July (2025-07)
2026-07-10 17:30:43,210 INFO preproc={"target_sr": 16000, "hpf_hz": 80, "denoise": true, "prop_decrease": 0.8, "stationary": true, "peak_target": 0.97, "window_s": 10, "model": "facebook/wav2vec2-base"}
2026-07-10 17:30:43,513 INFO device=cuda (NVIDIA GeForce RTX 5090)
2026-07-10 17:30:43,654 INFO HTTP Request: GET https://huggingface.co/api/agent-harnesses "HTTP/1.1 200 OK"
2026-07-10 17:30:43,712 INFO HTTP Request: HEAD https://huggingface.co/facebook/wav2vec2-base/resolve/main/processor_config.json "HTTP/1.1 404 Not Found"
Warning: You are sending unauthenticated requests to the HF Hub. Please set a HF_TOKEN to enable higher rate limits and faster downloads.
2026-07-10 17:30:43,712 WARNING Warning: You are sending unauthenticated requests to the HF Hub. Please set a HF_TOKEN to enable higher rate limits and faster downloads.
2026-07-10 17:30:43,769 INFO HTTP Request: HEAD https://huggingface.co/facebook/wav2vec2-base/resolve/main/preprocessor_config.json "HTTP/1.1 307 Temporary Redirect"
2026-07-10 17:30:43,796 INFO HTTP Request: HEAD https://huggingface.co/api/resolve-cache/models/facebook/wav2vec2-base/0b5b8e868dd84f03fd87d01f9c4ff0f080fecfe8/preprocessor_config.json "HTTP/1.1 200 OK"
2026-07-10 17:30:43,855 INFO HTTP Request: HEAD https://huggingface.co/facebook/wav2vec2-base/resolve/main/config.json "HTTP/1.1 307 Temporary Redirect"
2026-07-10 17:30:43,881 INFO HTTP Request: HEAD https://huggingface.co/api/resolve-cache/models/facebook/wav2vec2-base/0b5b8e868dd84f03fd87d01f9c4ff0f080fecfe8/config.json "HTTP/1.1 200 OK"
2026-07-10 17:30:43,954 INFO HTTP Request: HEAD https://huggingface.co/facebook/wav2vec2-base/resolve/main/model.safetensors "HTTP/1.1 404 Not Found"
2026-07-10 17:30:44,012 INFO HTTP Request: HEAD https://huggingface.co/facebook/wav2vec2-base/resolve/main/model.safetensors.index.json "HTTP/1.1 404 Not Found"
2026-07-10 17:30:44,380 INFO HTTP Request: HEAD https://huggingface.co/facebook/wav2vec2-base/resolve/main/pytorch_model.bin "HTTP/1.1 302 Found"
2026-07-10 17:30:44,440 INFO HTTP Request: HEAD https://huggingface.co/facebook/wav2vec2-base/resolve/main/model.safetensors "HTTP/1.1 404 Not Found"
2026-07-10 17:30:44,500 INFO HTTP Request: GET https://huggingface.co/api/models/facebook/wav2vec2-base "HTTP/1.1 200 OK"
Loading weights:   0%|          | 0/211 [00:00<?, ?it/s]Loading weights: 100%|██████████| 211/211 [00:00<00:00, 86773.03it/s]
[transformers] [1mWav2Vec2Model LOAD REPORT[0m from: facebook/wav2vec2-base
Key                          | Status     |  | 
-----------------------------+------------+--+-
quantizer.codevectors        | UNEXPECTED |  | 
project_hid.weight           | UNEXPECTED |  | 
project_q.weight             | UNEXPECTED |  | 
project_hid.bias             | UNEXPECTED |  | 
quantizer.weight_proj.weight | UNEXPECTED |  | 
quantizer.weight_proj.bias   | UNEXPECTED |  | 
project_q.bias               | UNEXPECTED |  | 

Notes:
- UNEXPECTED:	can be ignored when loading from different task/architecture; not ok if you expect identical arch.
2026-07-10 17:30:44,572 INFO HTTP Request: GET https://huggingface.co/api/models/facebook/wav2vec2-base/commits/main "HTTP/1.1 200 OK"
2026-07-10 17:30:44,690 INFO HTTP Request: GET https://huggingface.co/api/models/facebook/wav2vec2-base/discussions?p=0 "HTTP/1.1 200 OK"
2026-07-10 17:30:44,761 INFO HTTP Request: GET https://huggingface.co/api/models/facebook/wav2vec2-base/commits/refs%2Fpr%2F11 "HTTP/1.1 200 OK"
2026-07-10 17:30:44,785 INFO found 0 audio files under /home/daniel/workspace/projects/longhorizon/data/raw_room2/July
2026-07-10 17:30:44,786 ERROR NO DATA AGGREGATED — writing nothing. Check inputs/timestamps.
2026-07-10 17:30:44,819 INFO HTTP Request: HEAD https://huggingface.co/facebook/wav2vec2-base/resolve/refs%2Fpr%2F11/model.safetensors.index.json "HTTP/1.1 404 Not Found"
2026-07-10 17:30:44,879 INFO HTTP Request: HEAD https://huggingface.co/facebook/wav2vec2-base/resolve/refs%2Fpr%2F11/model.safetensors "HTTP/1.1 302 Found"
